{"meta": {"format": 3, "version": "7.16.0", "timestamp": "2026-09-08T08:39:04.459774", "branch_coverage": true, "show_contexts": false}, "files": {"src/nqpatterns/__init__.py": {"executed_lines": [3], "summary": {"covered_lines": 1, "num_statements": 1, "percent_covered": 100.0, "percent_covered_display": "100", "missing_lines": 0, "excluded_lines": 0, "percent_statements_covered": 100.0, "percent_statements_covered_display": "100", "num_branches": 0, "num_partial_branches": 0, "covered_branches": 0, "missing_branches": 0, "percent_branches_covered": 100.0, "percent_branches_covered_display": "100"}, "missing_lines": [], "excluded_lines": [], "executed_branches": [], "missing_branches": [], "functions": {"": {"executed_lines": [3], "summary": {"covered_lines": 1, "num_statements": 1, "percent_covered": 100.0, "percent_covered_display": "100", "missing_lines": 0, "excluded_lines": 0, "percent_statements_covered": 100.0, "percent_statements_covered_display": "100", "num_branches": 0, "num_partial_branches": 0, "covered_branches": 0, "missing_branches": 0, "percent_branches_covered": 100.0, "percent_branches_covered_display": "100"}, "missing_lines": [], "excluded_lines": [], "start_line": 1, "executed_branches": [], "missing_branches": []}}, "classes": {"": {"executed_lines": [3], "summary": {"covered_lines": 1, "num_statements": 1, "percent_covered": 100.0, "percent_covered_display": "100", "missing_lines": 0, "excluded_lines": 0, "percent_statements_covered": 100.0, "percent_statements_covered_display": "100", "num_branches": 0, "num_partial_branches": 0, "covered_branches": 0, "missing_branches": 0, "percent_branches_covered": 100.0, "percent_branches_covered_display": "100"}, "missing_lines": [], "excluded_lines": [], "start_line": 1, "executed_branches": [], "missing_branches": []}}}, "src/nqpatterns/acquisition.py": {"executed_lines": [3, 4, 5, 6, 8, 9, 11, 13, 16, 23, 24, 25, 26, 27, 28, 29, 30, 31, 32, 33, 34, 35, 36, 37, 38, 39, 40, 41, 42, 43, 44, 45, 46, 47, 48, 49, 50, 59, 60, 74, 77], "summary": {"covered_lines": 41, "num_statements": 67, "percent_covered": 62.65060240963855, "percent_covered_display": "63", "missing_lines": 26, "excluded_lines": 0, "percent_statements_covered": 61.19402985074627, "percent_statements_covered_display": "61", "num_branches": 16, "num_partial_branches": 3, "covered_branches": 11, "missing_branches": 5, "percent_branches_covered": 68.75, "percent_branches_covered_display": "69"}, "missing_lines": [79, 81, 82, 84, 85, 86, 88, 89, 90, 91, 92, 99, 100, 103, 104, 105, 106, 107, 108, 109, 110, 111, 112, 131, 135, 136], "excluded_lines": [], "executed_branches": [[24, 25], [24, 30], [26, 27], [26, 28], [34, 35], [39, 40], [41, 42], [47, 48], [47, 59], [49, 50], [49, 59]], "missing_branches": [[34, 36], [39, 41], [41, 43], [85, 86], [85, 90]], "functions": {"reconcile_calendar": {"executed_lines": [23, 24, 25, 26, 27, 28, 29, 30, 31, 32, 33, 34, 35, 36, 37, 38, 39, 40, 41, 42, 43, 44, 45, 46, 47, 48, 49, 50, 59, 60, 74], "summary": {"covered_lines": 31, "num_statements": 31, "percent_covered": 93.33333333333333, "percent_covered_display": "93", "missing_lines": 0, "excluded_lines": 0, "percent_statements_covered": 100.0, "percent_statements_covered_display": "100", "num_branches": 14, "num_partial_branches": 3, "covered_branches": 11, "missing_branches": 3, "percent_branches_covered": 78.57142857142857, "percent_branches_covered_display": "79"}, "missing_lines": [], "excluded_lines": [], "start_line": 16, "executed_branches": [[24, 25], [24, 30], [26, 27], [26, 28], [34, 35], [39, 40], [41, 42], [47, 48], [47, 59], [49, 50], [49, 59]], "missing_branches": [[34, 36], [39, 41], [41, 43]]}, "acquire": {"executed_lines": [], "summary": {"covered_lines": 0, "num_statements": 26, "percent_covered": 0.0, "percent_covered_display": "0", "missing_lines": 26, "excluded_lines": 0, "percent_statements_covered": 0.0, "percent_statements_covered_display": "0", "num_branches": 2, "num_partial_branches": 0, "covered_branches": 0, "missing_branches": 2, "percent_branches_covered": 0.0, "percent_branches_covered_display": "0"}, "missing_lines": [79, 81, 82, 84, 85, 86, 88, 89, 90, 91, 92, 99, 100, 103, 104, 105, 106, 107, 108, 109, 110, 111, 112, 131, 135, 136], "excluded_lines": [], "start_line": 77, "executed_branches": [], "missing_branches": [[85, 86], [85, 90]]}, "": {"executed_lines": [3, 4, 5, 6, 8, 9, 11, 13, 16, 77], "summary": {"covered_lines": 10, "num_statements": 10, "percent_covered": 100.0, "percent_covered_display": "100", "missing_lines": 0, "excluded_lines": 0, "percent_statements_covered": 100.0, "percent_statements_covered_display": "100", "num_branches": 0, "num_partial_branches": 0, "covered_branches": 0, "missing_branches": 0, "percent_branches_covered": 100.0, "percent_branches_covered_display": "100"}, "missing_lines": [], "excluded_lines": [], "start_line": 1, "executed_branches": [], "missing_branches": []}}, "classes": {"": {"executed_lines": [3, 4, 5, 6, 8, 9, 11, 13, 16, 23, 24, 25, 26, 27, 28, 29, 30, 31, 32, 33, 34, 35, 36, 37, 38, 39, 40, 41, 42, 43, 44, 45, 46, 47, 48, 49, 50, 59, 60, 74, 77], "summary": {"covered_lines": 41, "num_statements": 67, "percent_covered": 62.65060240963855, "percent_covered_display": "63", "missing_lines": 26, "excluded_lines": 0, "percent_statements_covered": 61.19402985074627, "percent_statements_covered_display": "61", "num_branches": 16, "num_partial_branches": 3, "covered_branches": 11, "missing_branches": 5, "percent_branches_covered": 68.75, "percent_branches_covered_display": "69"}, "missing_lines": [79, 81, 82, 84, 85, 86, 88, 89, 90, 91, 92, 99, 100, 103, 104, 105, 106, 107, 108, 109, 110, 111, 112, 131, 135, 136], "excluded_lines": [], "start_line": 1, "executed_branches": [[24, 25], [24, 30], [26, 27], [26, 28], [34, 35], [39, 40], [41, 42], [47, 48], [47, 59], [49, 50], [49, 59]], "missing_branches": [[34, 36], [39, 41], [41, 43], [85, 86], [85, 90]]}}}, "src/nqpatterns/candidates.py": {"executed_lines": [8, 10, 11, 12, 13, 15, 16, 17, 18, 20, 22, 23, 24, 31, 40, 42, 43, 44, 45, 46, 47, 48, 49, 50, 51, 52, 53, 54, 55, 56, 57, 62, 63, 64, 65, 66, 67, 68, 73, 74, 75, 76, 77, 78, 79, 80, 87, 88, 92, 93, 94, 95, 97, 100, 102, 103, 104, 105, 106, 107, 108, 109, 110, 111, 112, 113, 114, 115, 116, 117, 118, 119, 120, 121, 122, 123, 124, 126, 127, 128, 131, 132, 133, 134, 135, 138, 139, 151, 152, 153, 154, 155, 156, 157, 158, 159, 160, 161, 162, 163, 166, 167, 168, 176, 190, 202, 203, 204, 205, 206, 207, 208, 209, 210, 217, 218, 219, 220, 221, 227, 228, 229, 230, 238, 239, 240, 241, 242, 253, 254, 255, 256, 257, 270, 271, 272, 273, 280, 281, 282, 283, 291], "summary": {"covered_lines": 142, "num_statements": 142, "percent_covered": 100.0, "percent_covered_display": "100", "missing_lines": 0, "excluded_lines": 0, "percent_statements_covered": 100.0, "percent_statements_covered_display": "100", "num_branches": 96, "num_partial_branches": 0, "covered_branches": 96, "missing_branches": 0, "percent_branches_covered": 100.0, "percent_branches_covered_display": "100"}, "missing_lines": [], "excluded_lines": [], "executed_branches": [[42, 43], [42, 44], [45, 46], [45, 63], [47, 48], [47, 49], [49, -40], [49, 50], [50, 51], [50, 52], [52, 53], [52, 54], [54, 55], [54, 56], [57, 49], [57, 62], [63, 64], [63, 97], [65, 66], [65, 67], [68, 73], [68, 74], [80, 87], [80, 88], [88, 92], [88, 93], [94, -40], [94, 95], [103, 104], [103, 105], [106, 107], [106, 114], [107, 108], [107, 113], [109, 110], [109, 111], [115, 116], [115, 117], [120, 121], [120, 122], [153, 154], [153, 155], [158, 159], [158, 160], [202, 203], [202, 204], [205, 206], [205, 217], [207, 208], [207, 291], [208, 207], [208, 209], [209, 208], [209, 210], [217, 218], [217, 238], [218, 219], [218, 227], [219, 218], [219, 220], [220, 219], [220, 221], [227, 228], [227, 291], [228, 227], [228, 229], [229, 228], [229, 230], [238, 239], [238, 270], [239, 240], [239, 253], [240, 239], [240, 241], [241, 240], [241, 242], [253, 254], [253, 291], [254, 253], [254, 255], [255, 254], [255, 256], [256, 255], [256, 257], [270, 271], [270, 280], [271, 270], [271, 272], [272, 271], [272, 273], [280, 281], [280, 291], [281, 280], [281, 282], [282, 281], [282, 283]], "missing_branches": [], "functions": {"validate_signature": {"executed_lines": [42, 43, 44, 45, 46, 47, 48, 49, 50, 51, 52, 53, 54, 55, 56, 57, 62, 63, 64, 65, 66, 67, 68, 73, 74, 75, 76, 77, 78, 79, 80, 87, 88, 92, 93, 94, 95, 97], "summary": {"covered_lines": 38, "num_statements": 38, "percent_covered": 100.0, "percent_covered_display": "100", "missing_lines": 0, "excluded_lines": 0, "percent_statements_covered": 100.0, "percent_statements_covered_display": "100", "num_branches": 28, "num_partial_branches": 0, "covered_branches": 28, "missing_branches": 0, "percent_branches_covered": 100.0, "percent_branches_covered_display": "100"}, "missing_lines": [], "excluded_lines": [], "start_line": 40, "executed_branches": [[42, 43], [42, 44], [45, 46], [45, 63], [47, 48], [47, 49], [49, -40], [49, 50], [50, 51], [50, 52], [52, 53], [52, 54], [54, 55], [54, 56], [57, 49], [57, 62], [63, 64], [63, 97], [65, 66], [65, 67], [68, 73], [68, 74], [80, 87], [80, 88], [88, 92], [88, 93], [94, -40], [94, 95]], "missing_branches": []}, "match_candidate": {"executed_lines": [102, 103, 104, 105, 106, 107, 108, 109, 110, 111, 112, 113, 114, 115, 116, 117, 118, 119, 120, 121, 122, 123, 124, 126, 127, 128], "summary": {"covered_lines": 26, "num_statements": 26, "percent_covered": 100.0, "percent_covered_display": "100", "missing_lines": 0, "excluded_lines": 0, "percent_statements_covered": 100.0, "percent_statements_covered_display": "100", "num_branches": 12, "num_partial_branches": 0, "covered_branches": 12, "missing_branches": 0, "percent_branches_covered": 100.0, "percent_branches_covered_display": "100"}, "missing_lines": [], "excluded_lines": [], "start_line": 100, "executed_branches": [[103, 104], [103, 105], [106, 107], [106, 114], [107, 108], [107, 113], [109, 110], [109, 111], [115, 116], [115, 117], [120, 121], [120, 122]], "missing_branches": []}, "_candidate": {"executed_lines": [132, 133, 134, 135], "summary": {"covered_lines": 4, "num_statements": 4, "percent_covered": 100.0, "percent_covered_display": "100", "missing_lines": 0, "excluded_lines": 0, "percent_statements_covered": 100.0, "percent_statements_covered_display": "100", "num_branches": 0, "num_partial_branches": 0, "covered_branches": 0, "missing_branches": 0, "percent_branches_covered": 100.0, "percent_branches_covered_display": "100"}, "missing_lines": [], "excluded_lines": [], "start_line": 131, "executed_branches": [], "missing_branches": []}, "_rule": {"executed_lines": [139], "summary": {"covered_lines": 1, "num_statements": 1, "percent_covered": 100.0, "percent_covered_display": "100", "missing_lines": 0, "excluded_lines": 0, "percent_statements_covered": 100.0, "percent_statements_covered_display": "100", "num_branches": 0, "num_partial_branches": 0, "covered_branches": 0, "missing_branches": 0, "percent_branches_covered": 100.0, "percent_branches_covered_display": "100"}, "missing_lines": [], "excluded_lines": [], "start_line": 138, "executed_branches": [], "missing_branches": []}, "_shape_clusters": {"executed_lines": [152, 153, 154, 155, 156, 157, 158, 159, 160, 161, 162, 163, 166, 167, 168, 176], "summary": {"covered_lines": 16, "num_statements": 16, "percent_covered": 100.0, "percent_covered_display": "100", "missing_lines": 0, "excluded_lines": 0, "percent_statements_covered": 100.0, "percent_statements_covered_display": "100", "num_branches": 4, "num_partial_branches": 0, "covered_branches": 4, "missing_branches": 0, "percent_branches_covered": 100.0, "percent_branches_covered_display": "100"}, "missing_lines": [], "excluded_lines": [], "start_line": 151, "executed_branches": [[153, 154], [153, 155], [158, 159], [158, 160]], "missing_branches": []}, "generate_candidates": {"executed_lines": [202, 203, 204, 205, 206, 207, 208, 209, 210, 217, 218, 219, 220, 221, 227, 228, 229, 230, 238, 239, 240, 241, 242, 253, 254, 255, 256, 257, 270, 271, 272, 273, 280, 281, 282, 283, 291], "summary": {"covered_lines": 37, "num_statements": 37, "percent_covered": 100.0, "percent_covered_display": "100", "missing_lines": 0, "excluded_lines": 0, "percent_statements_covered": 100.0, "percent_statements_covered_display": "100", "num_branches": 52, "num_partial_branches": 0, "covered_branches": 52, "missing_branches": 0, "percent_branches_covered": 100.0, "percent_branches_covered_display": "100"}, "missing_lines": [], "excluded_lines": [], "start_line": 190, "executed_branches": [[202, 203], [202, 204], [205, 206], [205, 217], [207, 208], [207, 291], [208, 207], [208, 209], [209, 208], [209, 210], [217, 218], [217, 238], [218, 219], [218, 227], [219, 218], [219, 220], [220, 219], [220, 221], [227, 228], [227, 291], [228, 227], [228, 229], [229, 228], [229, 230], [238, 239], [238, 270], [239, 240], [239, 253], [240, 239], [240, 241], [241, 240], [241, 242], [253, 254], [253, 291], [254, 253], [254, 255], [255, 254], [255, 256], [256, 255], [256, 257], [270, 271], [270, 280], [271, 270], [271, 272], [272, 271], [272, 273], [280, 281], [280, 291], [281, 280], [281, 282], [282, 281], [282, 283]], "missing_branches": []}, "": {"executed_lines": [8, 10, 11, 12, 13, 15, 16, 17, 18, 20, 22, 23, 24, 31, 40, 100, 131, 138, 151, 190], "summary": {"covered_lines": 20, "num_statements": 20, "percent_covered": 100.0, "percent_covered_display": "100", "missing_lines": 0, "excluded_lines": 0, "percent_statements_covered": 100.0, "percent_statements_covered_display": "100", "num_branches": 0, "num_partial_branches": 0, "covered_branches": 0, "missing_branches": 0, "percent_branches_covered": 100.0, "percent_branches_covered_display": "100"}, "missing_lines": [], "excluded_lines": [], "start_line": 1, "executed_branches": [], "missing_branches": []}}, "classes": {"": {"executed_lines": [8, 10, 11, 12, 13, 15, 16, 17, 18, 20, 22, 23, 24, 31, 40, 42, 43, 44, 45, 46, 47, 48, 49, 50, 51, 52, 53, 54, 55, 56, 57, 62, 63, 64, 65, 66, 67, 68, 73, 74, 75, 76, 77, 78, 79, 80, 87, 88, 92, 93, 94, 95, 97, 100, 102, 103, 104, 105, 106, 107, 108, 109, 110, 111, 112, 113, 114, 115, 116, 117, 118, 119, 120, 121, 122, 123, 124, 126, 127, 128, 131, 132, 133, 134, 135, 138, 139, 151, 152, 153, 154, 155, 156, 157, 158, 159, 160, 161, 162, 163, 166, 167, 168, 176, 190, 202, 203, 204, 205, 206, 207, 208, 209, 210, 217, 218, 219, 220, 221, 227, 228, 229, 230, 238, 239, 240, 241, 242, 253, 254, 255, 256, 257, 270, 271, 272, 273, 280, 281, 282, 283, 291], "summary": {"covered_lines": 142, "num_statements": 142, "percent_covered": 100.0, "percent_covered_display": "100", "missing_lines": 0, "excluded_lines": 0, "percent_statements_covered": 100.0, "percent_statements_covered_display": "100", "num_branches": 96, "num_partial_branches": 0, "covered_branches": 96, "missing_branches": 0, "percent_branches_covered": 100.0, "percent_branches_covered_display": "100"}, "missing_lines": [], "excluded_lines": [], "start_line": 1, "executed_branches": [[42, 43], [42, 44], [45, 46], [45, 63], [47, 48], [47, 49], [49, -40], [49, 50], [50, 51], [50, 52], [52, 53], [52, 54], [54, 55], [54, 56], [57, 49], [57, 62], [63, 64], [63, 97], [65, 66], [65, 67], [68, 73], [68, 74], [80, 87], [80, 88], [88, 92], [88, 93], [94, -40], [94, 95], [103, 104], [103, 105], [106, 107], [106, 114], [107, 108], [107, 113], [109, 110], [109, 111], [115, 116], [115, 117], [120, 121], [120, 122], [153, 154], [153, 155], [158, 159], [158, 160], [202, 203], [202, 204], [205, 206], [205, 217], [207, 208], [207, 291], [208, 207], [208, 209], [209, 208], [209, 210], [217, 218], [217, 238], [218, 219], [218, 227], [219, 218], [219, 220], [220, 219], [220, 221], [227, 228], [227, 291], [228, 227], [228, 229], [229, 228], [229, 230], [238, 239], [238, 270], [239, 240], [239, 253], [240, 239], [240, 241], [241, 240], [241, 242], [253, 254], [253, 291], [254, 253], [254, 255], [255, 254], [255, 256], [256, 255], [256, 257], [270, 271], [270, 280], [271, 270], [271, 272], [272, 271], [272, 273], [280, 281], [280, 291], [281, 280], [281, 282], [282, 281], [282, 283]], "missing_branches": []}}}, "src/nqpatterns/cli.py": {"executed_lines": [], "summary": {"covered_lines": 0, "num_statements": 39, "percent_covered": 0.0, "percent_covered_display": "0", "missing_lines": 39, "excluded_lines": 0, "percent_statements_covered": 0.0, "percent_statements_covered_display": "0", "num_branches": 10, "num_partial_branches": 0, "covered_branches": 0, "missing_branches": 10, "percent_branches_covered": 0.0, "percent_branches_covered_display": "0"}, "missing_lines": [3, 4, 5, 8, 9, 10, 11, 12, 13, 14, 15, 16, 17, 18, 19, 20, 21, 22, 23, 24, 25, 27, 28, 29, 31, 32, 37, 38, 40, 41, 42, 43, 45, 47, 49, 50, 53, 56, 57], "excluded_lines": [], "executed_branches": [], "missing_branches": [[24, 25], [24, 28], [28, 29], [28, 37], [37, 38], [37, 42], [42, 43], [42, 47], [56, -1], [56, 57]], "functions": {"main": {"executed_lines": [], "summary": {"covered_lines": 0, "num_statements": 33, "percent_covered": 0.0, "percent_covered_display": "0", "missing_lines": 33, "excluded_lines": 0, "percent_statements_covered": 0.0, "percent_statements_covered_display": "0", "num_branches": 8, "num_partial_branches": 0, "covered_branches": 0, "missing_branches": 8, "percent_branches_covered": 0.0, "percent_branches_covered_display": "0"}, "missing_lines": [9, 10, 11, 12, 13, 14, 15, 16, 17, 18, 19, 20, 21, 22, 23, 24, 25, 27, 28, 29, 31, 32, 37, 38, 40, 41, 42, 43, 45, 47, 49, 50, 53], "excluded_lines": [], "start_line": 8, "executed_branches": [], "missing_branches": [[24, 25], [24, 28], [28, 29], [28, 37], [37, 38], [37, 42], [42, 43], [42, 47]]}, "": {"executed_lines": [], "summary": {"covered_lines": 0, "num_statements": 6, "percent_covered": 0.0, "percent_covered_display": "0", "missing_lines": 6, "excluded_lines": 0, "percent_statements_covered": 0.0, "percent_statements_covered_display": "0", "num_branches": 2, "num_partial_branches": 0, "covered_branches": 0, "missing_branches": 2, "percent_branches_covered": 0.0, "percent_branches_covered_display": "0"}, "missing_lines": [3, 4, 5, 8, 56, 57], "excluded_lines": [], "start_line": 1, "executed_branches": [], "missing_branches": [[56, -1], [56, 57]]}}, "classes": {"": {"executed_lines": [], "summary": {"covered_lines": 0, "num_statements": 39, "percent_covered": 0.0, "percent_covered_display": "0", "missing_lines": 39, "excluded_lines": 0, "percent_statements_covered": 0.0, "percent_statements_covered_display": "0", "num_branches": 10, "num_partial_branches": 0, "covered_branches": 0, "missing_branches": 10, "percent_branches_covered": 0.0, "percent_branches_covered_display": "0"}, "missing_lines": [3, 4, 5, 8, 9, 10, 11, 12, 13, 14, 15, 16, 17, 18, 19, 20, 21, 22, 23, 24, 25, 27, 28, 29, 31, 32, 37, 38, 40, 41, 42, 43, 45, 47, 49, 50, 53, 56, 57], "excluded_lines": [], "start_line": 1, "executed_branches": [], "missing_branches": [[24, 25], [24, 28], [28, 29], [28, 37], [37, 38], [37, 42], [42, 43], [42, 47], [56, -1], [56, 57]]}}}, "src/nqpatterns/data.py": {"executed_lines": [7, 9, 10, 11, 13, 14, 16, 17, 18, 21, 23, 24, 25, 26, 28, 29, 30, 31, 34, 35, 36, 38, 39, 40, 41, 45, 46, 47, 48, 49, 50, 51, 52, 53, 56, 78, 79, 80, 81, 82, 83, 84, 85, 86, 87, 88, 89, 90, 91, 92, 93, 94, 95, 96, 97, 98, 100, 101, 102, 104, 105, 106, 107, 108, 109, 110, 111, 112, 113, 114, 115, 116, 117, 118, 119, 120, 121, 122, 129, 130, 131, 132, 133, 134, 135, 136, 137, 141, 142, 143, 150, 151, 152, 153, 154, 155, 157, 158, 159, 160, 161, 164, 165, 166, 167, 168, 169, 170, 171, 172, 173, 174, 175, 189, 190, 191, 199, 200, 201, 208, 210, 211, 212, 213, 214, 222, 223, 260], "summary": {"covered_lines": 128, "num_statements": 128, "percent_covered": 100.0, "percent_covered_display": "100", "missing_lines": 0, "excluded_lines": 0, "percent_statements_covered": 100.0, "percent_statements_covered_display": "100", "num_branches": 40, "num_partial_branches": 0, "covered_branches": 40, "missing_branches": 0, "percent_branches_covered": 100.0, "percent_branches_covered_display": "100"}, "missing_lines": [], "excluded_lines": [], "executed_branches": [[25, 26], [25, 28], [30, 31], [30, 34], [34, 35], [34, 49], [41, 45], [41, 48], [50, 51], [50, 52], [78, 79], [78, 80], [80, 81], [80, 82], [86, 87], [86, 88], [88, 89], [88, 90], [93, 94], [93, 95], [95, 96], [95, 97], [101, -100], [101, 102], [105, 106], [105, 107], [110, 111], [110, 112], [113, 114], [113, 118], [120, 121], [120, 129], [130, 131], [130, 141], [160, 161], [160, 164], [167, 168], [167, 173], [199, 200], [199, 210]], "missing_branches": [], "functions": {"_timestamps": {"executed_lines": [23, 24, 25, 26, 28, 29, 30, 31, 34, 35, 36, 38, 39, 40, 41, 45, 46, 47, 48, 49, 50, 51, 52, 53], "summary": {"covered_lines": 24, "num_statements": 24, "percent_covered": 100.0, "percent_covered_display": "100", "missing_lines": 0, "excluded_lines": 0, "percent_statements_covered": 100.0, "percent_statements_covered_display": "100", "num_branches": 10, "num_partial_branches": 0, "covered_branches": 10, "missing_branches": 0, "percent_branches_covered": 100.0, "percent_branches_covered_display": "100"}, "missing_lines": [], "excluded_lines": [], "start_line": 21, "executed_branches": [[25, 26], [25, 28], [30, 31], [30, 34], [34, 35], [34, 49], [41, 45], [41, 48], [50, 51], [50, 52]], "missing_branches": []}, "normalize_bars": {"executed_lines": [78, 79, 80, 81, 82, 83, 84, 85, 86, 87, 88, 89, 90, 91, 92, 93, 94, 95, 96, 97, 98, 100, 104, 105, 106, 107, 108, 109, 110, 111, 112, 113, 114, 115, 116, 117, 118, 119, 120, 121, 122, 129, 130, 131, 132, 133, 134, 135, 136, 137, 141, 142, 143, 150, 151, 152, 153, 154, 155, 157, 158, 159, 160, 161, 164, 165, 166, 167, 168, 169, 170, 171, 172, 173, 174, 175, 189, 190, 191, 199, 200, 201, 208, 210, 211, 212, 213, 214, 222, 223, 260], "summary": {"covered_lines": 91, "num_statements": 91, "percent_covered": 100.0, "percent_covered_display": "100", "missing_lines": 0, "excluded_lines": 0, "percent_statements_covered": 100.0, "percent_statements_covered_display": "100", "num_branches": 28, "num_partial_branches": 0, "covered_branches": 28, "missing_branches": 0, "percent_branches_covered": 100.0, "percent_branches_covered_display": "100"}, "missing_lines": [], "excluded_lines": [], "start_line": 56, "executed_branches": [[78, 79], [78, 80], [80, 81], [80, 82], [86, 87], [86, 88], [88, 89], [88, 90], [93, 94], [93, 95], [95, 96], [95, 97], [105, 106], [105, 107], [110, 111], [110, 112], [113, 114], [113, 118], [120, 121], [120, 129], [130, 131], [130, 141], [160, 161], [160, 164], [167, 168], [167, 173], [199, 200], [199, 210]], "missing_branches": []}, "normalize_bars.exclude": {"executed_lines": [101, 102], "summary": {"covered_lines": 2, "num_statements": 2, "percent_covered": 100.0, "percent_covered_display": "100", "missing_lines": 0, "excluded_lines": 0, "percent_statements_covered": 100.0, "percent_statements_covered_display": "100", "num_branches": 2, "num_partial_branches": 0, "covered_branches": 2, "missing_branches": 0, "percent_branches_covered": 100.0, "percent_branches_covered_display": "100"}, "missing_lines": [], "excluded_lines": [], "start_line": 100, "executed_branches": [[101, -100], [101, 102]], "missing_branches": []}, "": {"executed_lines": [7, 9, 10, 11, 13, 14, 16, 17, 18, 21, 56], "summary": {"covered_lines": 11, "num_statements": 11, "percent_covered": 100.0, "percent_covered_display": "100", "missing_lines": 0, "excluded_lines": 0, "percent_statements_covered": 100.0, "percent_statements_covered_display": "100", "num_branches": 0, "num_partial_branches": 0, "covered_branches": 0, "missing_branches": 0, "percent_branches_covered": 100.0, "percent_branches_covered_display": "100"}, "missing_lines": [], "excluded_lines": [], "start_line": 1, "executed_branches": [], "missing_branches": []}}, "classes": {"": {"executed_lines": [7, 9, 10, 11, 13, 14, 16, 17, 18, 21, 23, 24, 25, 26, 28, 29, 30, 31, 34, 35, 36, 38, 39, 40, 41, 45, 46, 47, 48, 49, 50, 51, 52, 53, 56, 78, 79, 80, 81, 82, 83, 84, 85, 86, 87, 88, 89, 90, 91, 92, 93, 94, 95, 96, 97, 98, 100, 101, 102, 104, 105, 106, 107, 108, 109, 110, 111, 112, 113, 114, 115, 116, 117, 118, 119, 120, 121, 122, 129, 130, 131, 132, 133, 134, 135, 136, 137, 141, 142, 143, 150, 151, 152, 153, 154, 155, 157, 158, 159, 160, 161, 164, 165, 166, 167, 168, 169, 170, 171, 172, 173, 174, 175, 189, 190, 191, 199, 200, 201, 208, 210, 211, 212, 213, 214, 222, 223, 260], "summary": {"covered_lines": 128, "num_statements": 128, "percent_covered": 100.0, "percent_covered_display": "100", "missing_lines": 0, "excluded_lines": 0, "percent_statements_covered": 100.0, "percent_statements_covered_display": "100", "num_branches": 40, "num_partial_branches": 0, "covered_branches": 40, "missing_branches": 0, "percent_branches_covered": 100.0, "percent_branches_covered_display": "100"}, "missing_lines": [], "excluded_lines": [], "start_line": 1, "executed_branches": [[25, 26], [25, 28], [30, 31], [30, 34], [34, 35], [34, 49], [41, 45], [41, 48], [50, 51], [50, 52], [78, 79], [78, 80], [80, 81], [80, 82], [86, 87], [86, 88], [88, 89], [88, 90], [93, 94], [93, 95], [95, 96], [95, 97], [101, -100], [101, 102], [105, 106], [105, 107], [110, 111], [110, 112], [113, 114], [113, 118], [120, 121], [120, 129], [130, 131], [130, 141], [160, 161], [160, 164], [167, 168], [167, 173], [199, 200], [199, 210]], "missing_branches": []}}}, "src/nqpatterns/features.py": {"executed_lines": [8, 10, 11, 13, 35, 36, 39, 40, 41, 42, 43, 44, 45, 46, 47, 48, 49, 50, 51, 52, 53, 54, 55, 56, 57, 58, 59, 60, 64, 65, 68, 70, 71, 74, 81, 82, 83, 84, 85, 89, 90, 91, 92, 93, 94, 95, 96, 97, 98, 101, 102, 103, 107, 108, 109, 110, 111, 113, 114, 115, 116, 117, 118, 119, 120, 148, 149, 150, 151], "summary": {"covered_lines": 69, "num_statements": 69, "percent_covered": 100.0, "percent_covered_display": "100", "missing_lines": 0, "excluded_lines": 0, "percent_statements_covered": 100.0, "percent_statements_covered_display": "100", "num_branches": 22, "num_partial_branches": 0, "covered_branches": 22, "missing_branches": 0, "percent_branches_covered": 100.0, "percent_branches_covered_display": "100"}, "missing_lines": [], "excluded_lines": [], "executed_branches": [[40, 41], [40, 42], [43, 44], [43, 45], [49, 50], [49, 51], [51, 52], [51, 53], [54, 55], [54, 56], [56, 57], [56, 58], [58, 59], [58, 65], [60, 64], [60, 65], [82, 83], [82, 89], [92, 93], [92, 96], [93, 92], [93, 94]], "missing_branches": [], "functions": {"_validate_bars": {"executed_lines": [40, 41, 42, 43, 44, 45, 46, 47, 48, 49, 50, 51, 52, 53, 54, 55, 56, 57, 58, 59, 60, 64, 65], "summary": {"covered_lines": 23, "num_statements": 23, "percent_covered": 100.0, "percent_covered_display": "100", "missing_lines": 0, "excluded_lines": 0, "percent_statements_covered": 100.0, "percent_statements_covered_display": "100", "num_branches": 16, "num_partial_branches": 0, "covered_branches": 16, "missing_branches": 0, "percent_branches_covered": 100.0, "percent_branches_covered_display": "100"}, "missing_lines": [], "excluded_lines": [], "start_line": 39, "executed_branches": [[40, 41], [40, 42], [43, 44], [43, 45], [49, 50], [49, 51], [51, 52], [51, 53], [54, 55], [54, 56], [56, 57], [56, 58], [58, 59], [58, 65], [60, 64], [60, 65]], "missing_branches": []}, "_divide": {"executed_lines": [70, 71], "summary": {"covered_lines": 2, "num_statements": 2, "percent_covered": 100.0, "percent_covered_display": "100", "missing_lines": 0, "excluded_lines": 0, "percent_statements_covered": 100.0, "percent_statements_covered_display": "100", "num_branches": 0, "num_partial_branches": 0, "covered_branches": 0, "missing_branches": 0, "percent_branches_covered": 100.0, "percent_branches_covered_display": "100"}, "missing_lines": [], "excluded_lines": [], "start_line": 68, "executed_branches": [], "missing_branches": []}, "compute_features": {"executed_lines": [81, 82, 83, 84, 85, 89, 90, 91, 92, 93, 94, 95, 96, 97, 98, 101, 102, 103, 107, 113, 114, 115, 116, 117, 118, 119, 120, 148, 149, 150, 151], "summary": {"covered_lines": 31, "num_statements": 31, "percent_covered": 100.0, "percent_covered_display": "100", "missing_lines": 0, "excluded_lines": 0, "percent_statements_covered": 100.0, "percent_statements_covered_display": "100", "num_branches": 6, "num_partial_branches": 0, "covered_branches": 6, "missing_branches": 0, "percent_branches_covered": 100.0, "percent_branches_covered_display": "100"}, "missing_lines": [], "excluded_lines": [], "start_line": 74, "executed_branches": [[82, 83], [82, 89], [92, 93], [92, 96], [93, 92], [93, 94]], "missing_branches": []}, "compute_features.rolling": {"executed_lines": [108, 109, 110, 111], "summary": {"covered_lines": 4, "num_statements": 4, "percent_covered": 100.0, "percent_covered_display": "100", "missing_lines": 0, "excluded_lines": 0, "percent_statements_covered": 100.0, "percent_statements_covered_display": "100", "num_branches": 0, "num_partial_branches": 0, "covered_branches": 0, "missing_branches": 0, "percent_branches_covered": 100.0, "percent_branches_covered_display": "100"}, "missing_lines": [], "excluded_lines": [], "start_line": 107, "executed_branches": [], "missing_branches": []}, "": {"executed_lines": [8, 10, 11, 13, 35, 36, 39, 68, 74], "summary": {"covered_lines": 9, "num_statements": 9, "percent_covered": 100.0, "percent_covered_display": "100", "missing_lines": 0, "excluded_lines": 0, "percent_statements_covered": 100.0, "percent_statements_covered_display": "100", "num_branches": 0, "num_partial_branches": 0, "covered_branches": 0, "missing_branches": 0, "percent_branches_covered": 100.0, "percent_branches_covered_display": "100"}, "missing_lines": [], "excluded_lines": [], "start_line": 1, "executed_branches": [], "missing_branches": []}}, "classes": {"": {"executed_lines": [8, 10, 11, 13, 35, 36, 39, 40, 41, 42, 43, 44, 45, 46, 47, 48, 49, 50, 51, 52, 53, 54, 55, 56, 57, 58, 59, 60, 64, 65, 68, 70, 71, 74, 81, 82, 83, 84, 85, 89, 90, 91, 92, 93, 94, 95, 96, 97, 98, 101, 102, 103, 107, 108, 109, 110, 111, 113, 114, 115, 116, 117, 118, 119, 120, 148, 149, 150, 151], "summary": {"covered_lines": 69, "num_statements": 69, "percent_covered": 100.0, "percent_covered_display": "100", "missing_lines": 0, "excluded_lines": 0, "percent_statements_covered": 100.0, "percent_statements_covered_display": "100", "num_branches": 22, "num_partial_branches": 0, "covered_branches": 22, "missing_branches": 0, "percent_branches_covered": 100.0, "percent_branches_covered_display": "100"}, "missing_lines": [], "excluded_lines": [], "start_line": 1, "executed_branches": [[40, 41], [40, 42], [43, 44], [43, 45], [49, 50], [49, 51], [51, 52], [51, 53], [54, 55], [54, 56], [56, 57], [56, 58], [58, 59], [58, 65], [60, 64], [60, 65], [82, 83], [82, 89], [92, 93], [92, 96], [93, 92], [93, 94]], "missing_branches": []}}}, "src/nqpatterns/finalize.py": {"executed_lines": [3, 4, 5, 6, 8, 9, 11, 12, 13, 14, 15, 16, 17, 18, 21, 26, 28, 29, 30, 31, 32, 33, 35, 43, 44, 50, 52, 63, 66, 68, 69, 70, 71, 72, 73, 74, 75, 76, 77, 78, 79, 80, 81, 83, 84, 85, 86, 87, 90, 168, 170, 171, 172, 173, 174, 175, 176, 179, 180, 186, 192, 193, 203, 298, 299, 300, 301], "summary": {"covered_lines": 67, "num_statements": 155, "percent_covered": 41.06280193236715, "percent_covered_display": "41", "missing_lines": 88, "excluded_lines": 0, "percent_statements_covered": 43.225806451612904, "percent_statements_covered_display": "43", "num_branches": 52, "num_partial_branches": 6, "covered_branches": 18, "missing_branches": 34, "percent_branches_covered": 34.61538461538461, "percent_branches_covered_display": "35"}, "missing_lines": [22, 23, 34, 45, 46, 49, 51, 53, 54, 55, 56, 57, 58, 59, 60, 61, 62, 91, 92, 93, 96, 97, 99, 100, 101, 102, 103, 104, 107, 108, 109, 110, 111, 114, 115, 118, 119, 145, 147, 148, 157, 160, 163, 164, 165, 177, 178, 204, 205, 206, 209, 210, 211, 212, 213, 214, 215, 222, 223, 224, 225, 230, 232, 233, 234, 235, 236, 237, 238, 239, 240, 241, 242, 251, 252, 258, 259, 260, 266, 267, 268, 281, 282, 283, 286, 291, 292, 297], "excluded_lines": [], "executed_branches": [[30, 31], [30, 32], [33, 35], [44, 50], [50, 52], [52, 63], [69, 70], [69, 73], [75, 76], [75, 87], [79, 80], [79, 83], [175, 176], [175, 179], [176, 175], [203, 298], [298, 299], [298, 300]], "missing_branches": [[33, 34], [44, 45], [50, 51], [52, 53], [54, 55], [54, 56], [58, 59], [58, 60], [61, 62], [61, 63], [97, 99], [97, 100], [109, 110], [109, 111], [145, 147], [145, 164], [176, 177], [177, 176], [177, 178], [203, 204], [205, 206], [205, 209], [213, 214], [213, 223], [236, 237], [236, 238], [240, 241], [240, 259], [266, 267], [266, 282], [267, 268], [267, 281], [282, 283], [282, 298]], "functions": {"_hash": {"executed_lines": [], "summary": {"covered_lines": 0, "num_statements": 2, "percent_covered": 0.0, "percent_covered_display": "0", "missing_lines": 2, "excluded_lines": 0, "percent_statements_covered": 0.0, "percent_statements_covered_display": "0", "num_branches": 0, "num_partial_branches": 0, "covered_branches": 0, "missing_branches": 0, "percent_branches_covered": 100.0, "percent_branches_covered_display": "100"}, "missing_lines": [22, 23], "excluded_lines": [], "start_line": 21, "executed_branches": [], "missing_branches": []}, "prepare_finalization": {"executed_lines": [28, 29, 30, 31, 32, 33, 35, 43, 44, 50, 52, 63], "summary": {"covered_lines": 12, "num_statements": 27, "percent_covered": 41.86046511627907, "percent_covered_display": "42", "missing_lines": 15, "excluded_lines": 0, "percent_statements_covered": 44.44444444444444, "percent_statements_covered_display": "44", "num_branches": 16, "num_partial_branches": 4, "covered_branches": 6, "missing_branches": 10, "percent_branches_covered": 37.5, "percent_branches_covered_display": "38"}, "missing_lines": [34, 45, 46, 49, 51, 53, 54, 55, 56, 57, 58, 59, 60, 61, 62], "excluded_lines": [], "start_line": 26, "executed_branches": [[30, 31], [30, 32], [33, 35], [44, 50], [50, 52], [52, 63]], "missing_branches": [[33, 34], [44, 45], [50, 51], [52, 53], [54, 55], [54, 56], [58, 59], [58, 60], [61, 62], [61, 63]]}, "apply_confirmation": {"executed_lines": [68, 69, 70, 71, 72, 73, 74, 75, 76, 77, 78, 79, 80, 81, 83, 84, 85, 86, 87], "summary": {"covered_lines": 19, "num_statements": 19, "percent_covered": 100.0, "percent_covered_display": "100", "missing_lines": 0, "excluded_lines": 0, "percent_statements_covered": 100.0, "percent_statements_covered_display": "100", "num_branches": 6, "num_partial_branches": 0, "covered_branches": 6, "missing_branches": 0, "percent_branches_covered": 100.0, "percent_branches_covered_display": "100"}, "missing_lines": [], "excluded_lines": [], "start_line": 66, "executed_branches": [[69, 70], [69, 73], [75, 76], [75, 87], [79, 80], [79, 83]], "missing_branches": []}, "_score_period": {"executed_lines": [], "summary": {"covered_lines": 0, "num_statements": 27, "percent_covered": 0.0, "percent_covered_display": "0", "missing_lines": 27, "excluded_lines": 0, "percent_statements_covered": 0.0, "percent_statements_covered_display": "0", "num_branches": 6, "num_partial_branches": 0, "covered_branches": 0, "missing_branches": 6, "percent_branches_covered": 0.0, "percent_branches_covered_display": "0"}, "missing_lines": [91, 92, 93, 96, 97, 99, 100, 101, 102, 103, 104, 107, 108, 109, 110, 111, 114, 115, 118, 119, 145, 147, 157, 160, 163, 164, 165], "excluded_lines": [], "start_line": 90, "executed_branches": [], "missing_branches": [[97, 99], [97, 100], [109, 110], [109, 111], [145, 147], [145, 164]]}, "_score_period.events": {"executed_lines": [], "summary": {"covered_lines": 0, "num_statements": 1, "percent_covered": 0.0, "percent_covered_display": "0", "missing_lines": 1, "excluded_lines": 0, "percent_statements_covered": 0.0, "percent_statements_covered_display": "0", "num_branches": 0, "num_partial_branches": 0, "covered_branches": 0, "missing_branches": 0, "percent_branches_covered": 100.0, "percent_branches_covered_display": "100"}, "missing_lines": [148], "excluded_lines": [], "start_line": 147, "executed_branches": [], "missing_branches": []}, "evaluate_finalization": {"executed_lines": [170, 171, 172, 173, 174, 175, 176, 179, 180, 186, 192, 193, 203, 298, 299, 300, 301], "summary": {"covered_lines": 17, "num_statements": 60, "percent_covered": 27.38095238095238, "percent_covered_display": "27", "missing_lines": 43, "excluded_lines": 0, "percent_statements_covered": 28.333333333333332, "percent_statements_covered_display": "28", "num_branches": 24, "num_partial_branches": 2, "covered_branches": 6, "missing_branches": 18, "percent_branches_covered": 25.0, "percent_branches_covered_display": "25"}, "missing_lines": [177, 178, 204, 205, 206, 209, 210, 211, 212, 213, 214, 215, 222, 223, 224, 225, 230, 232, 233, 234, 235, 236, 237, 238, 239, 240, 241, 242, 251, 252, 258, 259, 260, 266, 267, 268, 281, 282, 283, 286, 291, 292, 297], "excluded_lines": [], "start_line": 168, "executed_branches": [[175, 176], [175, 179], [176, 175], [203, 298], [298, 299], [298, 300]], "missing_branches": [[176, 177], [177, 176], [177, 178], [203, 204], [205, 206], [205, 209], [213, 214], [213, 223], [236, 237], [236, 238], [240, 241], [240, 259], [266, 267], [266, 282], [267, 268], [267, 281], [282, 283], [282, 298]]}, "": {"executed_lines": [3, 4, 5, 6, 8, 9, 11, 12, 13, 14, 15, 16, 17, 18, 21, 26, 66, 90, 168], "summary": {"covered_lines": 19, "num_statements": 19, "percent_covered": 100.0, "percent_covered_display": "100", "missing_lines": 0, "excluded_lines": 0, "percent_statements_covered": 100.0, "percent_statements_covered_display": "100", "num_branches": 0, "num_partial_branches": 0, "covered_branches": 0, "missing_branches": 0, "percent_branches_covered": 100.0, "percent_branches_covered_display": "100"}, "missing_lines": [], "excluded_lines": [], "start_line": 1, "executed_branches": [], "missing_branches": []}}, "classes": {"": {"executed_lines": [3, 4, 5, 6, 8, 9, 11, 12, 13, 14, 15, 16, 17, 18, 21, 26, 28, 29, 30, 31, 32, 33, 35, 43, 44, 50, 52, 63, 66, 68, 69, 70, 71, 72, 73, 74, 75, 76, 77, 78, 79, 80, 81, 83, 84, 85, 86, 87, 90, 168, 170, 171, 172, 173, 174, 175, 176, 179, 180, 186, 192, 193, 203, 298, 299, 300, 301], "summary": {"covered_lines": 67, "num_statements": 155, "percent_covered": 41.06280193236715, "percent_covered_display": "41", "missing_lines": 88, "excluded_lines": 0, "percent_statements_covered": 43.225806451612904, "percent_statements_covered_display": "43", "num_branches": 52, "num_partial_branches": 6, "covered_branches": 18, "missing_branches": 34, "percent_branches_covered": 34.61538461538461, "percent_branches_covered_display": "35"}, "missing_lines": [22, 23, 34, 45, 46, 49, 51, 53, 54, 55, 56, 57, 58, 59, 60, 61, 62, 91, 92, 93, 96, 97, 99, 100, 101, 102, 103, 104, 107, 108, 109, 110, 111, 114, 115, 118, 119, 145, 147, 148, 157, 160, 163, 164, 165, 177, 178, 204, 205, 206, 209, 210, 211, 212, 213, 214, 215, 222, 223, 224, 225, 230, 232, 233, 234, 235, 236, 237, 238, 239, 240, 241, 242, 251, 252, 258, 259, 260, 266, 267, 268, 281, 282, 283, 286, 291, 292, 297], "excluded_lines": [], "start_line": 1, "executed_branches": [[30, 31], [30, 32], [33, 35], [44, 50], [50, 52], [52, 63], [69, 70], [69, 73], [75, 76], [75, 87], [79, 80], [79, 83], [175, 176], [175, 179], [176, 175], [203, 298], [298, 299], [298, 300]], "missing_branches": [[33, 34], [44, 45], [50, 51], [52, 53], [54, 55], [54, 56], [58, 59], [58, 60], [61, 62], [61, 63], [97, 99], [97, 100], [109, 110], [109, 111], [145, 147], [145, 164], [176, 177], [177, 176], [177, 178], [203, 204], [205, 206], [205, 209], [213, 214], [213, 223], [236, 237], [236, 238], [240, 241], [240, 259], [266, 267], [266, 282], [267, 268], [267, 281], [282, 283], [282, 298]]}}}, "src/nqpatterns/matcher.py": {"executed_lines": [9, 10, 11, 12, 13, 14, 15, 16, 17, 18, 20, 22, 23, 25, 32, 33, 34, 37, 38, 39, 40, 44, 45, 46, 47, 48, 49, 50, 52, 53, 54, 56, 57, 59, 60, 61, 62, 64, 65, 66, 67, 68, 69, 70, 71, 72, 73, 74, 75, 76, 78, 79, 82, 83, 84, 87, 88, 90, 91, 92, 93, 95, 97, 98, 101, 102, 103, 104, 105, 106, 107, 108, 109, 110, 111, 112, 113, 114, 115, 116, 117, 118, 120, 121, 122, 123, 124, 127, 128, 131, 145, 146, 148, 149, 150, 151, 152, 153, 154, 155, 156, 157, 158, 159, 161, 163, 164, 165, 166, 167, 168, 173, 174, 175, 176, 177, 178, 179, 180, 181, 182, 183, 184, 185, 186, 187, 188, 189, 190, 191, 192, 205, 206, 207, 208, 209, 210, 211, 213, 219], "summary": {"covered_lines": 140, "num_statements": 153, "percent_covered": 89.87341772151899, "percent_covered_display": "90", "missing_lines": 13, "excluded_lines": 0, "percent_statements_covered": 91.50326797385621, "percent_statements_covered_display": "92", "num_branches": 84, "num_partial_branches": 11, "covered_branches": 73, "missing_branches": 11, "percent_branches_covered": 86.9047619047619, "percent_branches_covered_display": "87"}, "missing_lines": [41, 51, 55, 58, 63, 77, 89, 94, 96, 99, 100, 119, 147], "excluded_lines": [], "executed_branches": [[38, 39], [38, 40], [40, 44], [45, 46], [45, 49], [47, 45], [47, 48], [50, 52], [53, 54], [53, 79], [54, 56], [57, 59], [59, 60], [59, 61], [62, 64], [64, 65], [64, 66], [66, 67], [66, 68], [69, 70], [69, 71], [72, 73], [72, 74], [74, 75], [74, 76], [76, 78], [88, 90], [90, 91], [90, 92], [92, 93], [92, 95], [93, 92], [95, 97], [101, 102], [101, 103], [104, 105], [104, 106], [107, 108], [107, 116], [109, 110], [109, 111], [111, 112], [111, 113], [113, 114], [113, 115], [116, 117], [116, 118], [118, 120], [121, 122], [121, 123], [146, 148], [151, 152], [151, 157], [152, 153], [152, 154], [166, 167], [166, 168], [177, 178], [177, 208], [179, 180], [179, 181], [182, 183], [182, 208], [183, 184], [183, 185], [187, 188], [187, 189], [189, 190], [189, 191], [191, 182], [191, 192], [205, 206], [205, 207]], "missing_branches": [[40, 41], [50, 51], [54, 55], [57, 58], [62, 63], [76, 77], [88, 89], [93, 94], [95, 96], [118, 119], [146, 147]], "functions": {"_load_library": {"executed_lines": [38, 39, 40, 44, 45, 46, 47, 48, 49, 50, 52, 53, 54, 56, 57, 59, 60, 61, 62, 64, 65, 66, 67, 68, 69, 70, 71, 72, 73, 74, 75, 76, 78, 79], "summary": {"covered_lines": 34, "num_statements": 40, "percent_covered": 83.33333333333333, "percent_covered_display": "83", "missing_lines": 6, "excluded_lines": 0, "percent_statements_covered": 85.0, "percent_statements_covered_display": "85", "num_branches": 32, "num_partial_branches": 6, "covered_branches": 26, "missing_branches": 6, "percent_branches_covered": 81.25, "percent_branches_covered_display": "81"}, "missing_lines": [41, 51, 55, 58, 63, 77], "excluded_lines": [], "start_line": 37, "executed_branches": [[38, 39], [38, 40], [40, 44], [45, 46], [45, 49], [47, 45], [47, 48], [50, 52], [53, 54], [53, 79], [54, 56], [57, 59], [59, 60], [59, 61], [62, 64], [64, 65], [64, 66], [66, 67], [66, 68], [69, 70], [69, 71], [72, 73], [72, 74], [74, 75], [74, 76], [76, 78]], "missing_branches": [[40, 41], [50, 51], [54, 55], [57, 58], [62, 63], [76, 77]]}, "_on_tick_grid": {"executed_lines": [83, 84], "summary": {"covered_lines": 2, "num_statements": 2, "percent_covered": 100.0, "percent_covered_display": "100", "missing_lines": 0, "excluded_lines": 0, "percent_statements_covered": 100.0, "percent_statements_covered_display": "100", "num_branches": 0, "num_partial_branches": 0, "covered_branches": 0, "missing_branches": 0, "percent_branches_covered": 100.0, "percent_branches_covered_display": "100"}, "missing_lines": [], "excluded_lines": [], "start_line": 82, "executed_branches": [], "missing_branches": []}, "_canonical_bar": {"executed_lines": [88, 90, 91, 92, 93, 95, 97, 98, 101, 102, 103, 104, 105, 106, 107, 108, 109, 110, 111, 112, 113, 114, 115, 116, 117, 118, 120, 121, 122, 123, 124], "summary": {"covered_lines": 31, "num_statements": 37, "percent_covered": 84.61538461538461, "percent_covered_display": "85", "missing_lines": 6, "excluded_lines": 0, "percent_statements_covered": 83.78378378378379, "percent_statements_covered_display": "84", "num_branches": 28, "num_partial_branches": 4, "covered_branches": 24, "missing_branches": 4, "percent_branches_covered": 85.71428571428571, "percent_branches_covered_display": "86"}, "missing_lines": [89, 94, 96, 99, 100, 119], "excluded_lines": [], "start_line": 87, "executed_branches": [[88, 90], [90, 91], [90, 92], [92, 93], [92, 95], [93, 92], [95, 97], [101, 102], [101, 103], [104, 105], [104, 106], [107, 108], [107, 116], [109, 110], [109, 111], [111, 112], [111, 113], [113, 114], [113, 115], [116, 117], [116, 118], [118, 120], [121, 122], [121, 123]], "missing_branches": [[88, 89], [93, 94], [95, 96], [118, 119]]}, "_iso": {"executed_lines": [128], "summary": {"covered_lines": 1, "num_statements": 1, "percent_covered": 100.0, "percent_covered_display": "100", "missing_lines": 0, "excluded_lines": 0, "percent_statements_covered": 100.0, "percent_statements_covered_display": "100", "num_branches": 0, "num_partial_branches": 0, "covered_branches": 0, "missing_branches": 0, "percent_branches_covered": 100.0, "percent_branches_covered_display": "100"}, "missing_lines": [], "excluded_lines": [], "start_line": 127, "executed_branches": [], "missing_branches": []}, "LiveMatcher.__init__": {"executed_lines": [146, 148, 149, 150, 151, 152, 153, 154, 155, 156, 157, 158, 159], "summary": {"covered_lines": 13, "num_statements": 14, "percent_covered": 90.0, "percent_covered_display": "90", "missing_lines": 1, "excluded_lines": 0, "percent_statements_covered": 92.85714285714286, "percent_statements_covered_display": "93", "num_branches": 6, "num_partial_branches": 1, "covered_branches": 5, "missing_branches": 1, "percent_branches_covered": 83.33333333333333, "percent_branches_covered_display": "83"}, "missing_lines": [147], "excluded_lines": [], "start_line": 145, "executed_branches": [[146, 148], [151, 152], [151, 157], [152, 153], [152, 154]], "missing_branches": [[146, 147]]}, "LiveMatcher.update": {"executed_lines": [163, 164, 165, 166, 167, 168, 173, 174, 175, 176, 177, 178, 179, 180, 181, 182, 183, 184, 185, 186, 187, 188, 189, 190, 191, 192, 205, 206, 207, 208, 209, 210, 211], "summary": {"covered_lines": 33, "num_statements": 33, "percent_covered": 100.0, "percent_covered_display": "100", "missing_lines": 0, "excluded_lines": 0, "percent_statements_covered": 100.0, "percent_statements_covered_display": "100", "num_branches": 18, "num_partial_branches": 0, "covered_branches": 18, "missing_branches": 0, "percent_branches_covered": 100.0, "percent_branches_covered_display": "100"}, "missing_lines": [], "excluded_lines": [], "start_line": 161, "executed_branches": [[166, 167], [166, 168], [177, 178], [177, 208], [179, 180], [179, 181], [182, 183], [182, 208], [183, 184], [183, 185], [187, 188], [187, 189], [189, 190], [189, 191], [191, 182], [191, 192], [205, 206], [205, 207]], "missing_branches": []}, "LiveMatcher.match_bars": {"executed_lines": [219], "summary": {"covered_lines": 1, "num_statements": 1, "percent_covered": 100.0, "percent_covered_display": "100", "missing_lines": 0, "excluded_lines": 0, "percent_statements_covered": 100.0, "percent_statements_covered_display": "100", "num_branches": 0, "num_partial_branches": 0, "covered_branches": 0, "missing_branches": 0, "percent_branches_covered": 100.0, "percent_branches_covered_display": "100"}, "missing_lines": [], "excluded_lines": [], "start_line": 213, "executed_branches": [], "missing_branches": []}, "": {"executed_lines": [9, 10, 11, 12, 13, 14, 15, 16, 17, 18, 20, 22, 23, 25, 32, 33, 34, 37, 82, 87, 127, 131, 145, 161, 213], "summary": {"covered_lines": 25, "num_statements": 25, "percent_covered": 100.0, "percent_covered_display": "100", "missing_lines": 0, "excluded_lines": 0, "percent_statements_covered": 100.0, "percent_statements_covered_display": "100", "num_branches": 0, "num_partial_branches": 0, "covered_branches": 0, "missing_branches": 0, "percent_branches_covered": 100.0, "percent_branches_covered_display": "100"}, "missing_lines": [], "excluded_lines": [], "start_line": 1, "executed_branches": [], "missing_branches": []}}, "classes": {"LiveMatcher": {"executed_lines": [146, 148, 149, 150, 151, 152, 153, 154, 155, 156, 157, 158, 159, 163, 164, 165, 166, 167, 168, 173, 174, 175, 176, 177, 178, 179, 180, 181, 182, 183, 184, 185, 186, 187, 188, 189, 190, 191, 192, 205, 206, 207, 208, 209, 210, 211, 219], "summary": {"covered_lines": 47, "num_statements": 48, "percent_covered": 97.22222222222223, "percent_covered_display": "97", "missing_lines": 1, "excluded_lines": 0, "percent_statements_covered": 97.91666666666667, "percent_statements_covered_display": "98", "num_branches": 24, "num_partial_branches": 1, "covered_branches": 23, "missing_branches": 1, "percent_branches_covered": 95.83333333333333, "percent_branches_covered_display": "96"}, "missing_lines": [147], "excluded_lines": [], "start_line": 131, "executed_branches": [[146, 148], [151, 152], [151, 157], [152, 153], [152, 154], [166, 167], [166, 168], [177, 178], [177, 208], [179, 180], [179, 181], [182, 183], [182, 208], [183, 184], [183, 185], [187, 188], [187, 189], [189, 190], [189, 191], [191, 182], [191, 192], [205, 206], [205, 207]], "missing_branches": [[146, 147]]}, "": {"executed_lines": [9, 10, 11, 12, 13, 14, 15, 16, 17, 18, 20, 22, 23, 25, 32, 33, 34, 37, 38, 39, 40, 44, 45, 46, 47, 48, 49, 50, 52, 53, 54, 56, 57, 59, 60, 61, 62, 64, 65, 66, 67, 68, 69, 70, 71, 72, 73, 74, 75, 76, 78, 79, 82, 83, 84, 87, 88, 90, 91, 92, 93, 95, 97, 98, 101, 102, 103, 104, 105, 106, 107, 108, 109, 110, 111, 112, 113, 114, 115, 116, 117, 118, 120, 121, 122, 123, 124, 127, 128, 131, 145, 161, 213], "summary": {"covered_lines": 93, "num_statements": 105, "percent_covered": 86.66666666666667, "percent_covered_display": "87", "missing_lines": 12, "excluded_lines": 0, "percent_statements_covered": 88.57142857142857, "percent_statements_covered_display": "89", "num_branches": 60, "num_partial_branches": 10, "covered_branches": 50, "missing_branches": 10, "percent_branches_covered": 83.33333333333333, "percent_branches_covered_display": "83"}, "missing_lines": [41, 51, 55, 58, 63, 77, 89, 94, 96, 99, 100, 119], "excluded_lines": [], "start_line": 1, "executed_branches": [[38, 39], [38, 40], [40, 44], [45, 46], [45, 49], [47, 45], [47, 48], [50, 52], [53, 54], [53, 79], [54, 56], [57, 59], [59, 60], [59, 61], [62, 64], [64, 65], [64, 66], [66, 67], [66, 68], [69, 70], [69, 71], [72, 73], [72, 74], [74, 75], [74, 76], [76, 78], [88, 90], [90, 91], [90, 92], [92, 93], [92, 95], [93, 92], [95, 97], [101, 102], [101, 103], [104, 105], [104, 106], [107, 108], [107, 116], [109, 110], [109, 111], [111, 112], [111, 113], [113, 114], [113, 115], [116, 117], [116, 118], [118, 120], [121, 122], [121, 123]], "missing_branches": [[40, 41], [50, 51], [54, 55], [57, 58], [62, 63], [76, 77], [88, 89], [93, 94], [95, 96], [118, 119]]}}}, "src/nqpatterns/outcomes.py": {"executed_lines": [8, 9, 11, 12, 14, 15, 16, 17, 20, 23, 24, 26, 27, 30, 31, 32, 33, 34, 35, 36, 37, 40, 41, 42, 43, 44, 45, 46, 47, 48, 49, 52, 53, 54, 57, 58, 59, 60, 61, 62, 65, 66, 68, 69, 70, 72, 73, 74, 75, 77, 78, 79, 80, 81, 82, 83, 84, 85, 86, 87, 88, 89, 90, 91, 92, 93, 94, 95, 98, 99, 108, 109, 110, 111, 112, 113, 116, 123, 124, 125, 126, 127, 128, 129, 130, 131, 132, 133, 134, 135, 136, 137, 138, 139, 140, 141, 142, 143, 144, 145, 146, 147, 148, 149, 150, 151, 152, 153, 154, 155, 156, 157, 158, 159, 160, 170, 172, 173, 175, 176, 177, 178, 179, 180, 181, 182, 183, 184, 195, 197, 198, 201, 208, 209, 210, 211, 212, 213, 214, 215, 216, 217, 218, 219, 220, 221, 222, 223, 224, 225, 226, 229, 230, 231, 232, 233, 234, 244, 247, 254, 255, 256, 257, 259, 260, 262, 263, 264, 267, 271, 272, 273, 274, 276, 277, 278, 279, 280, 281, 282, 284], "summary": {"covered_lines": 181, "num_statements": 190, "percent_covered": 93.89312977099236, "percent_covered_display": "94", "missing_lines": 9, "excluded_lines": 0, "percent_statements_covered": 95.26315789473684, "percent_statements_covered_display": "95", "num_branches": 72, "num_partial_branches": 7, "covered_branches": 65, "missing_branches": 7, "percent_branches_covered": 90.27777777777777, "percent_branches_covered_display": "90"}, "missing_lines": [55, 56, 67, 71, 76, 174, 258, 261, 268], "excluded_lines": [], "executed_branches": [[31, 32], [31, 33], [33, 34], [33, 35], [35, 36], [35, 37], [41, 42], [41, 43], [44, 45], [44, 46], [47, 48], [47, 49], [57, 58], [57, 59], [60, 61], [60, 62], [66, 68], [70, 72], [74, 75], [74, 81], [75, 77], [78, 79], [78, 80], [82, 83], [82, 84], [84, 85], [84, 86], [86, 87], [86, 88], [89, 90], [89, 95], [90, 89], [90, 91], [91, 92], [91, 93], [130, 131], [130, 157], [139, 140], [139, 157], [141, 142], [141, 143], [158, 159], [158, 160], [173, 175], [175, 176], [175, 177], [208, 209], [208, 210], [210, 211], [210, 212], [214, 215], [214, 216], [221, 222], [221, 226], [223, 221], [223, 224], [233, 234], [233, 244], [255, 256], [255, 257], [257, 259], [260, 262], [267, 271], [279, 280], [279, 282]], "missing_branches": [[66, 67], [70, 71], [75, 76], [173, 174], [257, 258], [260, 261], [267, 268]], "functions": {"OutOfScopeHorizon.__init__": {"executed_lines": [27], "summary": {"covered_lines": 1, "num_statements": 1, "percent_covered": 100.0, "percent_covered_display": "100", "missing_lines": 0, "excluded_lines": 0, "percent_statements_covered": 100.0, "percent_statements_covered_display": "100", "num_branches": 0, "num_partial_branches": 0, "covered_branches": 0, "missing_branches": 0, "percent_branches_covered": 100.0, "percent_branches_covered_display": "100"}, "missing_lines": [], "excluded_lines": [], "start_line": 26, "executed_branches": [], "missing_branches": []}, "_horizon": {"executed_lines": [31, 32, 33, 34, 35, 36, 37], "summary": {"covered_lines": 7, "num_statements": 7, "percent_covered": 100.0, "percent_covered_display": "100", "missing_lines": 0, "excluded_lines": 0, "percent_statements_covered": 100.0, "percent_statements_covered_display": "100", "num_branches": 6, "num_partial_branches": 0, "covered_branches": 6, "missing_branches": 0, "percent_branches_covered": 100.0, "percent_branches_covered_display": "100"}, "missing_lines": [], "excluded_lines": [], "start_line": 30, "executed_branches": [[31, 32], [31, 33], [33, 34], [33, 35], [35, 36], [35, 37]], "missing_branches": []}, "_magnitude": {"executed_lines": [41, 42, 43, 44, 45, 46, 47, 48, 49], "summary": {"covered_lines": 9, "num_statements": 9, "percent_covered": 100.0, "percent_covered_display": "100", "missing_lines": 0, "excluded_lines": 0, "percent_statements_covered": 100.0, "percent_statements_covered_display": "100", "num_branches": 6, "num_partial_branches": 0, "covered_branches": 6, "missing_branches": 0, "percent_branches_covered": 100.0, "percent_branches_covered_display": "100"}, "missing_lines": [], "excluded_lines": [], "start_line": 40, "executed_branches": [[41, 42], [41, 43], [44, 45], [44, 46], [47, 48], [47, 49]], "missing_branches": []}, "_timestamps": {"executed_lines": [53, 54, 57, 58, 59, 60, 61, 62], "summary": {"covered_lines": 8, "num_statements": 10, "percent_covered": 85.71428571428571, "percent_covered_display": "86", "missing_lines": 2, "excluded_lines": 0, "percent_statements_covered": 80.0, "percent_statements_covered_display": "80", "num_branches": 4, "num_partial_branches": 0, "covered_branches": 4, "missing_branches": 0, "percent_branches_covered": 100.0, "percent_branches_covered_display": "100"}, "missing_lines": [55, 56], "excluded_lines": [], "start_line": 52, "executed_branches": [[57, 58], [57, 59], [60, 61], [60, 62]], "missing_branches": []}, "_bar_arrays": {"executed_lines": [66, 68, 69, 70, 72, 73, 74, 75, 77, 78, 79, 80, 81, 82, 83, 84, 85, 86, 87, 88, 89, 90, 91, 92, 93, 94, 95], "summary": {"covered_lines": 27, "num_statements": 30, "percent_covered": 88.46153846153847, "percent_covered_display": "88", "missing_lines": 3, "excluded_lines": 0, "percent_statements_covered": 90.0, "percent_statements_covered_display": "90", "num_branches": 22, "num_partial_branches": 3, "covered_branches": 19, "missing_branches": 3, "percent_branches_covered": 86.36363636363636, "percent_branches_covered_display": "86"}, "missing_lines": [67, 71, 76], "excluded_lines": [], "start_line": 65, "executed_branches": [[66, 68], [70, 72], [74, 75], [74, 81], [75, 77], [78, 79], [78, 80], [82, 83], [82, 84], [84, 85], [84, 86], [86, 87], [86, 88], [89, 90], [89, 95], [90, 89], [90, 91], [91, 92], [91, 93]], "missing_branches": [[66, 67], [70, 71], [75, 76]]}, "first_passage": {"executed_lines": [123, 124, 125, 126, 127, 128, 129, 130, 131, 132, 133, 134, 135, 136, 137, 138, 139, 140, 141, 142, 143, 144, 145, 146, 147, 148, 149, 150, 151, 152, 153, 154, 155, 156, 157, 158, 159, 160], "summary": {"covered_lines": 38, "num_statements": 38, "percent_covered": 100.0, "percent_covered_display": "100", "missing_lines": 0, "excluded_lines": 0, "percent_statements_covered": 100.0, "percent_statements_covered_display": "100", "num_branches": 8, "num_partial_branches": 0, "covered_branches": 8, "missing_branches": 0, "percent_branches_covered": 100.0, "percent_branches_covered_display": "100"}, "missing_lines": [], "excluded_lines": [], "start_line": 116, "executed_branches": [[130, 131], [130, 157], [139, 140], [139, 157], [141, 142], [141, 143], [158, 159], [158, 160]], "missing_branches": []}, "labels_from_passage": {"executed_lines": [172, 173, 175, 176, 177, 178, 179, 180, 181, 182, 183, 184], "summary": {"covered_lines": 12, "num_statements": 13, "percent_covered": 88.23529411764706, "percent_covered_display": "88", "missing_lines": 1, "excluded_lines": 0, "percent_statements_covered": 92.3076923076923, "percent_statements_covered_display": "92", "num_branches": 4, "num_partial_branches": 1, "covered_branches": 3, "missing_branches": 1, "percent_branches_covered": 75.0, "percent_branches_covered_display": "75"}, "missing_lines": [174], "excluded_lines": [], "start_line": 170, "executed_branches": [[173, 175], [175, 176], [175, 177]], "missing_branches": [[173, 174]]}, "label_outcomes": {"executed_lines": [197, 198], "summary": {"covered_lines": 2, "num_statements": 2, "percent_covered": 100.0, "percent_covered_display": "100", "missing_lines": 0, "excluded_lines": 0, "percent_statements_covered": 100.0, "percent_statements_covered_display": "100", "num_branches": 0, "num_partial_branches": 0, "covered_branches": 0, "missing_branches": 0, "percent_branches_covered": 100.0, "percent_branches_covered_display": "100"}, "missing_lines": [], "excluded_lines": [], "start_line": 195, "executed_branches": [], "missing_branches": []}, "nonoverlap_indices": {"executed_lines": [208, 209, 210, 211, 212, 213, 214, 215, 216, 217, 218, 219, 220, 221, 222, 223, 224, 225, 226], "summary": {"covered_lines": 19, "num_statements": 19, "percent_covered": 100.0, "percent_covered_display": "100", "missing_lines": 0, "excluded_lines": 0, "percent_statements_covered": 100.0, "percent_statements_covered_display": "100", "num_branches": 10, "num_partial_branches": 0, "covered_branches": 10, "missing_branches": 0, "percent_branches_covered": 100.0, "percent_branches_covered_display": "100"}, "missing_lines": [], "excluded_lines": [], "start_line": 201, "executed_branches": [[208, 209], [208, 210], [210, 211], [210, 212], [214, 215], [214, 216], [221, 222], [221, 226], [223, 221], [223, 224]], "missing_branches": []}, "_distribution": {"executed_lines": [230, 231, 232, 233, 234, 244], "summary": {"covered_lines": 6, "num_statements": 6, "percent_covered": 100.0, "percent_covered_display": "100", "missing_lines": 0, "excluded_lines": 0, "percent_statements_covered": 100.0, "percent_statements_covered_display": "100", "num_branches": 2, "num_partial_branches": 0, "covered_branches": 2, "missing_branches": 0, "percent_branches_covered": 100.0, "percent_branches_covered_display": "100"}, "missing_lines": [], "excluded_lines": [], "start_line": 229, "executed_branches": [[233, 234], [233, 244]], "missing_branches": []}, "resolution_time_summary": {"executed_lines": [254, 255, 256, 257, 259, 260, 262, 263, 264, 267, 271, 272, 273, 274, 276, 284], "summary": {"covered_lines": 16, "num_statements": 19, "percent_covered": 77.77777777777777, "percent_covered_display": "78", "missing_lines": 3, "excluded_lines": 0, "percent_statements_covered": 84.21052631578948, "percent_statements_covered_display": "84", "num_branches": 8, "num_partial_branches": 3, "covered_branches": 5, "missing_branches": 3, "percent_branches_covered": 62.5, "percent_branches_covered_display": "62"}, "missing_lines": [258, 261, 268], "excluded_lines": [], "start_line": 247, "executed_branches": [[255, 256], [255, 257], [257, 259], [260, 262], [267, 271]], "missing_branches": [[257, 258], [260, 261], [267, 268]]}, "resolution_time_summary.incidence": {"executed_lines": [277, 278, 279, 280, 281, 282], "summary": {"covered_lines": 6, "num_statements": 6, "percent_covered": 100.0, "percent_covered_display": "100", "missing_lines": 0, "excluded_lines": 0, "percent_statements_covered": 100.0, "percent_statements_covered_display": "100", "num_branches": 2, "num_partial_branches": 0, "covered_branches": 2, "missing_branches": 0, "percent_branches_covered": 100.0, "percent_branches_covered_display": "100"}, "missing_lines": [], "excluded_lines": [], "start_line": 276, "executed_branches": [[279, 280], [279, 282]], "missing_branches": []}, "": {"executed_lines": [8, 9, 11, 12, 14, 15, 16, 17, 20, 23, 24, 26, 30, 40, 52, 65, 98, 99, 108, 109, 110, 111, 112, 113, 116, 170, 195, 201, 229, 247], "summary": {"covered_lines": 30, "num_statements": 30, "percent_covered": 100.0, "percent_covered_display": "100", "missing_lines": 0, "excluded_lines": 0, "percent_statements_covered": 100.0, "percent_statements_covered_display": "100", "num_branches": 0, "num_partial_branches": 0, "covered_branches": 0, "missing_branches": 0, "percent_branches_covered": 100.0, "percent_branches_covered_display": "100"}, "missing_lines": [], "excluded_lines": [], "start_line": 1, "executed_branches": [], "missing_branches": []}}, "classes": {"OutOfScopeHorizon": {"executed_lines": [27], "summary": {"covered_lines": 1, "num_statements": 1, "percent_covered": 100.0, "percent_covered_display": "100", "missing_lines": 0, "excluded_lines": 0, "percent_statements_covered": 100.0, "percent_statements_covered_display": "100", "num_branches": 0, "num_partial_branches": 0, "covered_branches": 0, "missing_branches": 0, "percent_branches_covered": 100.0, "percent_branches_covered_display": "100"}, "missing_lines": [], "excluded_lines": [], "start_line": 20, "executed_branches": [], "missing_branches": []}, "FirstPassage": {"executed_lines": [], "summary": {"covered_lines": 0, "num_statements": 0, "percent_covered": 100.0, "percent_covered_display": "100", "missing_lines": 0, "excluded_lines": 0, "percent_statements_covered": 100.0, "percent_statements_covered_display": "100", "num_branches": 0, "num_partial_branches": 0, "covered_branches": 0, "missing_branches": 0, "percent_branches_covered": 100.0, "percent_branches_covered_display": "100"}, "missing_lines": [], "excluded_lines": [], "start_line": 99, "executed_branches": [], "missing_branches": []}, "": {"executed_lines": [8, 9, 11, 12, 14, 15, 16, 17, 20, 23, 24, 26, 30, 31, 32, 33, 34, 35, 36, 37, 40, 41, 42, 43, 44, 45, 46, 47, 48, 49, 52, 53, 54, 57, 58, 59, 60, 61, 62, 65, 66, 68, 69, 70, 72, 73, 74, 75, 77, 78, 79, 80, 81, 82, 83, 84, 85, 86, 87, 88, 89, 90, 91, 92, 93, 94, 95, 98, 99, 108, 109, 110, 111, 112, 113, 116, 123, 124, 125, 126, 127, 128, 129, 130, 131, 132, 133, 134, 135, 136, 137, 138, 139, 140, 141, 142, 143, 144, 145, 146, 147, 148, 149, 150, 151, 152, 153, 154, 155, 156, 157, 158, 159, 160, 170, 172, 173, 175, 176, 177, 178, 179, 180, 181, 182, 183, 184, 195, 197, 198, 201, 208, 209, 210, 211, 212, 213, 214, 215, 216, 217, 218, 219, 220, 221, 222, 223, 224, 225, 226, 229, 230, 231, 232, 233, 234, 244, 247, 254, 255, 256, 257, 259, 260, 262, 263, 264, 267, 271, 272, 273, 274, 276, 277, 278, 279, 280, 281, 282, 284], "summary": {"covered_lines": 180, "num_statements": 189, "percent_covered": 93.86973180076629, "percent_covered_display": "94", "missing_lines": 9, "excluded_lines": 0, "percent_statements_covered": 95.23809523809524, "percent_statements_covered_display": "95", "num_branches": 72, "num_partial_branches": 7, "covered_branches": 65, "missing_branches": 7, "percent_branches_covered": 90.27777777777777, "percent_branches_covered_display": "90"}, "missing_lines": [55, 56, 67, 71, 76, 174, 258, 261, 268], "excluded_lines": [], "start_line": 1, "executed_branches": [[31, 32], [31, 33], [33, 34], [33, 35], [35, 36], [35, 37], [41, 42], [41, 43], [44, 45], [44, 46], [47, 48], [47, 49], [57, 58], [57, 59], [60, 61], [60, 62], [66, 68], [70, 72], [74, 75], [74, 81], [75, 77], [78, 79], [78, 80], [82, 83], [82, 84], [84, 85], [84, 86], [86, 87], [86, 88], [89, 90], [89, 95], [90, 89], [90, 91], [91, 92], [91, 93], [130, 131], [130, 157], [139, 140], [139, 157], [141, 142], [141, 143], [158, 159], [158, 160], [173, 175], [175, 176], [175, 177], [208, 209], [208, 210], [210, 211], [210, 212], [214, 215], [214, 216], [221, 222], [221, 226], [223, 221], [223, 224], [233, 234], [233, 244], [255, 256], [255, 257], [257, 259], [260, 262], [267, 271], [279, 280], [279, 282]], "missing_branches": [[66, 67], [70, 71], [75, 76], [173, 174], [257, 258], [260, 261], [267, 268]]}}}, "src/nqpatterns/research.py": {"executed_lines": [3, 4, 5, 6, 7, 9, 10, 12, 13, 14, 15, 16, 17, 18, 28, 29, 30, 33, 34, 45, 46, 47, 48, 49, 50, 52, 53, 54, 55, 56, 57, 58, 59, 60, 61, 62, 63, 64, 65, 66, 69, 72, 76, 79, 83, 95, 96, 97, 98, 99, 101, 105, 106, 107, 108, 109, 110, 111, 113, 125, 126, 128, 129, 130, 131, 133, 134, 135, 136, 137, 138, 139, 140, 141, 142, 143, 145, 146, 147, 148, 149, 150, 151, 152, 153, 154, 155, 156, 157, 158, 159, 160, 161, 162, 163, 164, 173, 181, 183, 184, 185, 186, 187, 188, 189, 196, 197, 198, 199, 201, 202, 203, 204, 206, 207, 210, 211, 242, 243, 244, 245, 246, 247, 248, 252, 257, 258, 259, 260, 261, 262, 265, 267, 290, 291, 292, 293, 294, 295, 296, 300, 301, 302, 304, 309, 310, 311, 312, 313, 314, 315, 316, 317, 320, 321, 322, 323, 324, 329, 330, 331, 351, 352, 369, 370, 371, 372, 376, 377, 378, 382, 383, 386, 387, 388, 399, 406, 407, 409, 421, 422], "summary": {"covered_lines": 181, "num_statements": 226, "percent_covered": 77.18120805369128, "percent_covered_display": "77", "missing_lines": 45, "excluded_lines": 0, "percent_statements_covered": 80.08849557522124, "percent_statements_covered_display": "80", "num_branches": 72, "num_partial_branches": 13, "covered_branches": 49, "missing_branches": 23, "percent_branches_covered": 68.05555555555556, "percent_branches_covered_display": "68"}, "missing_lines": [35, 41, 42, 51, 68, 100, 112, 268, 269, 270, 271, 273, 274, 283, 288, 297, 298, 299, 303, 308, 318, 319, 342, 343, 349, 350, 353, 354, 355, 356, 358, 359, 360, 361, 362, 365, 366, 367, 368, 373, 379, 380, 381, 384, 385], "excluded_lines": [], "executed_branches": [[33, 34], [50, 52], [62, -46], [62, 63], [65, 66], [99, 101], [107, 108], [107, 109], [111, 113], [129, 130], [129, 131], [135, 136], [135, 137], [140, 141], [140, 142], [153, 154], [153, 159], [160, 161], [160, 173], [188, 189], [188, 199], [202, 203], [202, 204], [243, 244], [243, 258], [247, 248], [247, 257], [292, 293], [292, 294], [295, 296], [295, 300], [302, 304], [304, 309], [312, 313], [312, 351], [317, 320], [321, 322], [321, 329], [322, 321], [322, 323], [323, 322], [323, 324], [352, 369], [372, 376], [378, 382], [382, 383], [382, 399], [383, 386], [387, 388]], "missing_branches": [[33, 35], [41, -28], [41, 42], [50, 51], [65, 68], [99, 100], [111, 112], [271, 273], [271, 288], [297, 298], [297, 299], [302, 303], [304, 308], [317, 318], [352, 353], [355, 356], [355, 358], [372, 373], [378, 379], [379, 380], [379, 382], [383, 384], [387, 382]], "functions": {"assert_committed": {"executed_lines": [29, 30, 33, 34], "summary": {"covered_lines": 4, "num_statements": 7, "percent_covered": 45.45454545454545, "percent_covered_display": "45", "missing_lines": 3, "excluded_lines": 0, "percent_statements_covered": 57.142857142857146, "percent_statements_covered_display": "57", "num_branches": 4, "num_partial_branches": 1, "covered_branches": 1, "missing_branches": 3, "percent_branches_covered": 25.0, "percent_branches_covered_display": "25"}, "missing_lines": [35, 41, 42], "excluded_lines": [], "start_line": 28, "executed_branches": [[33, 34]], "missing_branches": [[33, 35], [41, -28], [41, 42]]}, "ResearchRunner.__init__": {"executed_lines": [47, 48, 49, 50, 52, 53, 54, 55, 56, 57, 58, 59, 60, 61, 62, 63, 64, 65, 66, 69, 72, 76, 79, 83], "summary": {"covered_lines": 24, "num_statements": 26, "percent_covered": 87.5, "percent_covered_display": "88", "missing_lines": 2, "excluded_lines": 0, "percent_statements_covered": 92.3076923076923, "percent_statements_covered_display": "92", "num_branches": 6, "num_partial_branches": 2, "covered_branches": 4, "missing_branches": 2, "percent_branches_covered": 66.66666666666667, "percent_branches_covered_display": "67"}, "missing_lines": [51, 68], "excluded_lines": [], "start_line": 46, "executed_branches": [[50, 52], [62, -46], [62, 63], [65, 66]], "missing_branches": [[50, 51], [65, 68]]}, "ResearchRunner._provenance": {"executed_lines": [96, 97, 98, 99, 101], "summary": {"covered_lines": 5, "num_statements": 6, "percent_covered": 75.0, "percent_covered_display": "75", "missing_lines": 1, "excluded_lines": 0, "percent_statements_covered": 83.33333333333333, "percent_statements_covered_display": "83", "num_branches": 2, "num_partial_branches": 1, "covered_branches": 1, "missing_branches": 1, "percent_branches_covered": 50.0, "percent_branches_covered_display": "50"}, "missing_lines": [100], "excluded_lines": [], "start_line": 95, "executed_branches": [[99, 101]], "missing_branches": [[99, 100]]}, "ResearchRunner.prepare_round": {"executed_lines": [106, 107, 108, 109, 110, 111, 113, 125, 126], "summary": {"covered_lines": 9, "num_statements": 10, "percent_covered": 85.71428571428571, "percent_covered_display": "86", "missing_lines": 1, "excluded_lines": 0, "percent_statements_covered": 90.0, "percent_statements_covered_display": "90", "num_branches": 4, "num_partial_branches": 1, "covered_branches": 3, "missing_branches": 1, "percent_branches_covered": 75.0, "percent_branches_covered_display": "75"}, "missing_lines": [112], "excluded_lines": [], "start_line": 105, "executed_branches": [[107, 108], [107, 109], [111, 113]], "missing_branches": [[111, 112]]}, "ResearchRunner._passage": {"executed_lines": [129, 130, 131], "summary": {"covered_lines": 3, "num_statements": 3, "percent_covered": 100.0, "percent_covered_display": "100", "missing_lines": 0, "excluded_lines": 0, "percent_statements_covered": 100.0, "percent_statements_covered_display": "100", "num_branches": 2, "num_partial_branches": 0, "covered_branches": 2, "missing_branches": 0, "percent_branches_covered": 100.0, "percent_branches_covered_display": "100"}, "missing_lines": [], "excluded_lines": [], "start_line": 128, "executed_branches": [[129, 130], [129, 131]], "missing_branches": []}, "ResearchRunner._codes": {"executed_lines": [134, 135, 136, 137, 138, 139, 140, 141, 142, 143], "summary": {"covered_lines": 10, "num_statements": 10, "percent_covered": 100.0, "percent_covered_display": "100", "missing_lines": 0, "excluded_lines": 0, "percent_statements_covered": 100.0, "percent_statements_covered_display": "100", "num_branches": 4, "num_partial_branches": 0, "covered_branches": 4, "missing_branches": 0, "percent_branches_covered": 100.0, "percent_branches_covered_display": "100"}, "missing_lines": [], "excluded_lines": [], "start_line": 133, "executed_branches": [[135, 136], [135, 137], [140, 141], [140, 142]], "missing_branches": []}, "ResearchRunner._populations": {"executed_lines": [146, 147, 148, 149, 150, 151, 152, 153, 154, 155, 156, 157, 158, 159, 160, 161, 162, 163, 164, 173, 181], "summary": {"covered_lines": 21, "num_statements": 21, "percent_covered": 100.0, "percent_covered_display": "100", "missing_lines": 0, "excluded_lines": 0, "percent_statements_covered": 100.0, "percent_statements_covered_display": "100", "num_branches": 4, "num_partial_branches": 0, "covered_branches": 4, "missing_branches": 0, "percent_branches_covered": 100.0, "percent_branches_covered_display": "100"}, "missing_lines": [], "excluded_lines": [], "start_line": 145, "executed_branches": [[153, 154], [153, 159], [160, 161], [160, 173]], "missing_branches": []}, "ResearchRunner._score": {"executed_lines": [184, 185, 186, 187, 188, 189, 196, 197, 198, 199, 201, 206, 207, 210, 211, 242, 243, 244, 245, 246, 247, 248, 252, 257, 258, 259, 260, 261, 262, 265], "summary": {"covered_lines": 30, "num_statements": 30, "percent_covered": 100.0, "percent_covered_display": "100", "missing_lines": 0, "excluded_lines": 0, "percent_statements_covered": 100.0, "percent_statements_covered_display": "100", "num_branches": 6, "num_partial_branches": 0, "covered_branches": 6, "missing_branches": 0, "percent_branches_covered": 100.0, "percent_branches_covered_display": "100"}, "missing_lines": [], "excluded_lines": [], "start_line": 183, "executed_branches": [[188, 189], [188, 199], [243, 244], [243, 258], [247, 248], [247, 257]], "missing_branches": []}, "ResearchRunner._score.pooled": {"executed_lines": [202, 203, 204], "summary": {"covered_lines": 3, "num_statements": 3, "percent_covered": 100.0, "percent_covered_display": "100", "missing_lines": 0, "excluded_lines": 0, "percent_statements_covered": 100.0, "percent_statements_covered_display": "100", "num_branches": 2, "num_partial_branches": 0, "covered_branches": 2, "missing_branches": 0, "percent_branches_covered": 100.0, "percent_branches_covered_display": "100"}, "missing_lines": [], "excluded_lines": [], "start_line": 201, "executed_branches": [[202, 203], [202, 204]], "missing_branches": []}, "ResearchRunner._bootstrap": {"executed_lines": [], "summary": {"covered_lines": 0, "num_statements": 7, "percent_covered": 0.0, "percent_covered_display": "0", "missing_lines": 7, "excluded_lines": 0, "percent_statements_covered": 0.0, "percent_statements_covered_display": "0", "num_branches": 2, "num_partial_branches": 0, "covered_branches": 0, "missing_branches": 2, "percent_branches_covered": 0.0, "percent_branches_covered_display": "0"}, "missing_lines": [268, 269, 270, 271, 273, 283, 288], "excluded_lines": [], "start_line": 267, "executed_branches": [], "missing_branches": [[271, 273], [271, 288]]}, "ResearchRunner._bootstrap.events": {"executed_lines": [], "summary": {"covered_lines": 0, "num_statements": 1, "percent_covered": 0.0, "percent_covered_display": "0", "missing_lines": 1, "excluded_lines": 0, "percent_statements_covered": 0.0, "percent_statements_covered_display": "0", "num_branches": 0, "num_partial_branches": 0, "covered_branches": 0, "missing_branches": 0, "percent_branches_covered": 100.0, "percent_branches_covered_display": "100"}, "missing_lines": [274], "excluded_lines": [], "start_line": 273, "executed_branches": [], "missing_branches": []}, "ResearchRunner.evaluate_round": {"executed_lines": [291, 292, 293, 294, 295, 296, 300, 301, 302, 304, 309, 310, 311, 312, 313, 314, 315, 316, 317, 320, 321, 322, 323, 324, 329, 330, 331, 351, 352, 369, 370, 371, 372, 376, 377, 378, 382, 383, 386, 387, 388, 399, 406, 407, 409, 421, 422], "summary": {"covered_lines": 47, "num_statements": 77, "percent_covered": 61.06194690265487, "percent_covered_display": "61", "missing_lines": 30, "excluded_lines": 0, "percent_statements_covered": 61.03896103896104, "percent_statements_covered_display": "61", "num_branches": 36, "num_partial_branches": 8, "covered_branches": 22, "missing_branches": 14, "percent_branches_covered": 61.111111111111114, "percent_branches_covered_display": "61"}, "missing_lines": [297, 298, 299, 303, 308, 318, 319, 342, 343, 349, 350, 353, 354, 355, 356, 358, 359, 360, 361, 362, 365, 366, 367, 368, 373, 379, 380, 381, 384, 385], "excluded_lines": [], "start_line": 290, "executed_branches": [[292, 293], [292, 294], [295, 296], [295, 300], [302, 304], [304, 309], [312, 313], [312, 351], [317, 320], [321, 322], [321, 329], [322, 321], [322, 323], [323, 322], [323, 324], [352, 369], [372, 376], [378, 382], [382, 383], [382, 399], [383, 386], [387, 388]], "missing_branches": [[297, 298], [297, 299], [302, 303], [304, 308], [317, 318], [352, 353], [355, 356], [355, 358], [372, 373], [378, 379], [379, 380], [379, 382], [383, 384], [387, 382]]}, "": {"executed_lines": [3, 4, 5, 6, 7, 9, 10, 12, 13, 14, 15, 16, 17, 18, 28, 45, 46, 95, 105, 128, 133, 145, 183, 267, 290], "summary": {"covered_lines": 25, "num_statements": 25, "percent_covered": 100.0, "percent_covered_display": "100", "missing_lines": 0, "excluded_lines": 0, "percent_statements_covered": 100.0, "percent_statements_covered_display": "100", "num_branches": 0, "num_partial_branches": 0, "covered_branches": 0, "missing_branches": 0, "percent_branches_covered": 100.0, "percent_branches_covered_display": "100"}, "missing_lines": [], "excluded_lines": [], "start_line": 1, "executed_branches": [], "missing_branches": []}}, "classes": {"ResearchRunner": {"executed_lines": [47, 48, 49, 50, 52, 53, 54, 55, 56, 57, 58, 59, 60, 61, 62, 63, 64, 65, 66, 69, 72, 76, 79, 83, 96, 97, 98, 99, 101, 106, 107, 108, 109, 110, 111, 113, 125, 126, 129, 130, 131, 134, 135, 136, 137, 138, 139, 140, 141, 142, 143, 146, 147, 148, 149, 150, 151, 152, 153, 154, 155, 156, 157, 158, 159, 160, 161, 162, 163, 164, 173, 181, 184, 185, 186, 187, 188, 189, 196, 197, 198, 199, 201, 202, 203, 204, 206, 207, 210, 211, 242, 243, 244, 245, 246, 247, 248, 252, 257, 258, 259, 260, 261, 262, 265, 291, 292, 293, 294, 295, 296, 300, 301, 302, 304, 309, 310, 311, 312, 313, 314, 315, 316, 317, 320, 321, 322, 323, 324, 329, 330, 331, 351, 352, 369, 370, 371, 372, 376, 377, 378, 382, 383, 386, 387, 388, 399, 406, 407, 409, 421, 422], "summary": {"covered_lines": 152, "num_statements": 194, "percent_covered": 76.33587786259542, "percent_covered_display": "76", "missing_lines": 42, "excluded_lines": 0, "percent_statements_covered": 78.35051546391753, "percent_statements_covered_display": "78", "num_branches": 68, "num_partial_branches": 12, "covered_branches": 48, "missing_branches": 20, "percent_branches_covered": 70.58823529411765, "percent_branches_covered_display": "71"}, "missing_lines": [51, 68, 100, 112, 268, 269, 270, 271, 273, 274, 283, 288, 297, 298, 299, 303, 308, 318, 319, 342, 343, 349, 350, 353, 354, 355, 356, 358, 359, 360, 361, 362, 365, 366, 367, 368, 373, 379, 380, 381, 384, 385], "excluded_lines": [], "start_line": 45, "executed_branches": [[50, 52], [62, -46], [62, 63], [65, 66], [99, 101], [107, 108], [107, 109], [111, 113], [129, 130], [129, 131], [135, 136], [135, 137], [140, 141], [140, 142], [153, 154], [153, 159], [160, 161], [160, 173], [188, 189], [188, 199], [202, 203], [202, 204], [243, 244], [243, 258], [247, 248], [247, 257], [292, 293], [292, 294], [295, 296], [295, 300], [302, 304], [304, 309], [312, 313], [312, 351], [317, 320], [321, 322], [321, 329], [322, 321], [322, 323], [323, 322], [323, 324], [352, 369], [372, 376], [378, 382], [382, 383], [382, 399], [383, 386], [387, 388]], "missing_branches": [[50, 51], [65, 68], [99, 100], [111, 112], [271, 273], [271, 288], [297, 298], [297, 299], [302, 303], [304, 308], [317, 318], [352, 353], [355, 356], [355, 358], [372, 373], [378, 379], [379, 380], [379, 382], [383, 384], [387, 382]]}, "": {"executed_lines": [3, 4, 5, 6, 7, 9, 10, 12, 13, 14, 15, 16, 17, 18, 28, 29, 30, 33, 34, 45, 46, 95, 105, 128, 133, 145, 183, 267, 290], "summary": {"
[...]
, 19], "summary": {"covered_lines": 6, "num_statements": 6, "percent_covered": 100.0, "percent_covered_display": "100", "missing_lines": 0, "excluded_lines": 0, "percent_statements_covered": 100.0, "percent_statements_covered_display": "100", "num_branches": 0, "num_partial_branches": 0, "covered_branches": 0, "missing_branches": 0, "percent_branches_covered": 100.0, "percent_branches_covered_display": "100"}, "missing_lines": [], "excluded_lines": [], "start_line": 13, "executed_branches": [], "missing_branches": []}, "append_event": {"executed_lines": [23, 24, 25, 26, 27, 28], "summary": {"covered_lines": 6, "num_statements": 6, "percent_covered": 100.0, "percent_covered_display": "100", "missing_lines": 0, "excluded_lines": 0, "percent_statements_covered": 100.0, "percent_statements_covered_display": "100", "num_branches": 0, "num_partial_branches": 0, "covered_branches": 0, "missing_branches": 0, "percent_branches_covered": 100.0, "percent_branches_covered_display": "100"}, "missing_lines": [], "excluded_lines": [], "start_line": 22, "executed_branches": [], "missing_branches": []}, "TournamentState.complete_round": {"executed_lines": [41, 42, 43, 44, 45, 49, 50, 51, 52, 53, 54, 55, 56, 57, 58, 59, 60, 61, 62, 63, 73], "summary": {"covered_lines": 21, "num_statements": 21, "percent_covered": 100.0, "percent_covered_display": "100", "missing_lines": 0, "excluded_lines": 0, "percent_statements_covered": 100.0, "percent_statements_covered_display": "100", "num_branches": 12, "num_partial_branches": 0, "covered_branches": 12, "missing_branches": 0, "percent_branches_covered": 100.0, "percent_branches_covered_display": "100"}, "missing_lines": [], "excluded_lines": [], "start_line": 40, "executed_branches": [[41, 42], [41, 43], [44, 45], [44, 50], [51, 52], [51, 53], [55, 56], [55, 57], [57, 58], [57, 59], [60, 61], [60, 62]], "missing_branches": []}, "freeze_finalists": {"executed_lines": [77, 78, 79, 80, 89, 90, 91, 92, 93, 94, 96, 97, 98, 99], "summary": {"covered_lines": 14, "num_statements": 15, "percent_covered": 91.30434782608695, "percent_covered_display": "91", "missing_lines": 1, "excluded_lines": 0, "percent_statements_covered": 93.33333333333333, "percent_statements_covered_display": "93", "num_branches": 8, "num_partial_branches": 1, "covered_branches": 7, "missing_branches": 1, "percent_branches_covered": 87.5, "percent_branches_covered_display": "88"}, "missing_lines": [95], "excluded_lines": [], "start_line": 76, "executed_branches": [[78, 79], [78, 80], [90, 91], [90, 96], [91, 92], [91, 94], [94, 90]], "missing_branches": [[94, 95]]}, "verify_freeze": {"executed_lines": [103, 104, 105, 106, 107, 108], "summary": {"covered_lines": 6, "num_statements": 6, "percent_covered": 100.0, "percent_covered_display": "100", "missing_lines": 0, "excluded_lines": 0, "percent_statements_covered": 100.0, "percent_statements_covered_display": "100", "num_branches": 2, "num_partial_branches": 0, "covered_branches": 2, "missing_branches": 0, "percent_branches_covered": 100.0, "percent_branches_covered_display": "100"}, "missing_lines": [], "excluded_lines": [], "start_line": 102, "executed_branches": [[105, 106], [105, 107]], "missing_branches": []}, "": {"executed_lines": [3, 4, 5, 6, 9, 13, 22, 31, 32, 33, 34, 35, 36, 37, 38, 40, 76, 102], "summary": {"covered_lines": 18, "num_statements": 18, "percent_covered": 100.0, "percent_covered_display": "100", "missing_lines": 0, "excluded_lines": 0, "percent_statements_covered": 100.0, "percent_statements_covered_display": "100", "num_branches": 0, "num_partial_branches": 0, "covered_branches": 0, "missing_branches": 0, "percent_branches_covered": 100.0, "percent_branches_covered_display": "100"}, "missing_lines": [], "excluded_lines": [], "start_line": 1, "executed_branches": [], "missing_branches": []}}, "classes": {"TournamentState": {"executed_lines": [41, 42, 43, 44, 45, 49, 50, 51, 52, 53, 54, 55, 56, 57, 58, 59, 60, 61, 62, 63, 73], "summary": {"covered_lines": 21, "num_statements": 21, "percent_covered": 100.0, "percent_covered_display": "100", "missing_lines": 0, "excluded_lines": 0, "percent_statements_covered": 100.0, "percent_statements_covered_display": "100", "num_branches": 12, "num_partial_branches": 0, "covered_branches": 12, "missing_branches": 0, "percent_branches_covered": 100.0, "percent_branches_covered_display": "100"}, "missing_lines": [], "excluded_lines": [], "start_line": 32, "executed_branches": [[41, 42], [41, 43], [44, 45], [44, 50], [51, 52], [51, 53], [55, 56], [55, 57], [57, 58], [57, 59], [60, 61], [60, 62]], "missing_branches": []}, "": {"executed_lines": [3, 4, 5, 6, 9, 10, 13, 14, 15, 16, 17, 18, 19, 22, 23, 24, 25, 26, 27, 28, 31, 32, 33, 34, 35, 36, 37, 38, 40, 76, 77, 78, 79, 80, 89, 90, 91, 92, 93, 94, 96, 97, 98, 99, 102, 103, 104, 105, 106, 107, 108], "summary": {"covered_lines": 51, "num_statements": 52, "percent_covered": 96.7741935483871, "percent_covered_display": "97", "missing_lines": 1, "excluded_lines": 0, "percent_statements_covered": 98.07692307692308, "percent_statements_covered_display": "98", "num_branches": 10, "num_partial_branches": 1, "covered_branches": 9, "missing_branches": 1, "percent_branches_covered": 90.0, "percent_branches_covered_display": "90"}, "missing_lines": [95], "excluded_lines": [], "start_line": 1, "executed_branches": [[78, 79], [78, 80], [90, 91], [90, 96], [91, 92], [91, 94], [94, 90], [105, 106], [105, 107]], "missing_branches": [[94, 95]]}}}, "src/nqpatterns/validation.py": {"executed_lines": [8, 9, 11, 12, 15, 17, 20, 29, 30, 31, 32, 33, 35, 36, 37, 38, 39, 40, 41, 42, 43, 44, 45, 46, 47, 48, 49, 50, 51, 52, 53, 54, 55, 60, 77, 78, 81, 82, 85, 87, 88, 89, 90, 91, 92, 93, 94, 95, 96, 97, 98, 99, 100, 101, 102, 105, 106, 109, 110, 118, 119, 120, 121, 122, 123, 124, 125, 126, 127, 128, 129, 130, 143, 144, 147, 149, 152, 154, 155, 156, 157, 158, 159, 160, 161, 162, 163, 164, 165, 166, 167, 170, 172, 174, 178, 179, 180, 187, 188, 189, 190, 191, 192, 193, 194, 195, 198, 200, 205, 206, 208, 209, 211, 212, 216, 218, 219, 220, 221, 222, 229, 230, 231, 232, 234, 246, 252, 253, 254, 255, 256, 257, 258, 259, 260, 261, 262, 263, 264, 271, 272], "summary": {"covered_lines": 141, "num_statements": 145, "percent_covered": 96.31336405529954, "percent_covered_display": "96", "missing_lines": 4, "excluded_lines": 0, "percent_statements_covered": 97.24137931034483, "percent_statements_covered_display": "97", "num_branches": 72, "num_partial_branches": 4, "covered_branches": 68, "missing_branches": 4, "percent_branches_covered": 94.44444444444444, "percent_branches_covered_display": "94"}, "missing_lines": [34, 173, 207, 210], "excluded_lines": [], "executed_branches": [[31, 32], [31, 33], [33, 35], [35, 36], [35, 42], [36, 37], [36, 38], [38, 39], [38, 40], [40, 35], [40, 41], [88, 89], [88, 90], [90, 91], [90, 92], [93, 94], [93, 95], [95, 96], [95, 97], [97, 98], [97, 99], [99, 100], [99, 101], [102, 105], [102, 106], [120, 121], [120, 122], [123, 124], [123, 125], [125, 126], [125, 127], [127, 128], [127, 129], [130, 143], [130, 144], [155, 156], [155, 158], [156, 155], [156, 157], [158, 159], [158, 160], [160, 161], [160, 162], [162, 163], [162, 164], [165, 166], [165, 167], [172, 174], [188, 189], [188, 195], [190, 191], [190, 192], [200, 205], [200, 206], [206, 208], [209, 211], [212, 216], [212, 218], [222, 229], [222, 230], [230, 231], [230, 232], [255, 256], [255, 257], [257, 258], [257, 259], [259, 260], [259, 261]], "missing_branches": [[33, 34], [172, 173], [206, 207], [209, 210]], "functions": {"parameter_grid": {"executed_lines": [17], "summary": {"covered_lines": 1, "num_statements": 1, "percent_covered": 100.0, "percent_covered_display": "100", "missing_lines": 0, "excluded_lines": 0, "percent_statements_covered": 100.0, "percent_statements_covered_display": "100", "num_branches": 0, "num_partial_branches": 0, "covered_branches": 0, "missing_branches": 0, "percent_branches_covered": 100.0, "percent_branches_covered_display": "100"}, "missing_lines": [], "excluded_lines": [], "start_line": 15, "executed_branches": [], "missing_branches": []}, "point_estimates": {"executed_lines": [29, 30, 31, 32, 33, 35, 36, 37, 38, 39, 40, 41, 42, 43, 44, 45, 46, 47, 48, 49, 50, 51, 52, 53, 54, 55, 60], "summary": {"covered_lines": 27, "num_statements": 28, "percent_covered": 95.0, "percent_covered_display": "95", "missing_lines": 1, "excluded_lines": 0, "percent_statements_covered": 96.42857142857143, "percent_statements_covered_display": "96", "num_branches": 12, "num_partial_branches": 1, "covered_branches": 11, "missing_branches": 1, "percent_branches_covered": 91.66666666666667, "percent_branches_covered_display": "92"}, "missing_lines": [34], "excluded_lines": [], "start_line": 20, "executed_branches": [[31, 32], [31, 33], [33, 35], [35, 36], [35, 42], [36, 37], [36, 38], [38, 39], [38, 40], [40, 35], [40, 41]], "missing_branches": [[33, 34]]}, "_finite": {"executed_lines": [78], "summary": {"covered_lines": 1, "num_statements": 1, "percent_covered": 100.0, "percent_covered_display": "100", "missing_lines": 0, "excluded_lines": 0, "percent_statements_covered": 100.0, "percent_statements_covered_display": "100", "num_branches": 0, "num_partial_branches": 0, "covered_branches": 0, "missing_branches": 0, "percent_branches_covered": 100.0, "percent_branches_covered_display": "100"}, "missing_lines": [], "excluded_lines": [], "start_line": 77, "executed_branches": [], "missing_branches": []}, "_at_least": {"executed_lines": [82], "summary": {"covered_lines": 1, "num_statements": 1, "percent_covered": 100.0, "percent_covered_display": "100", "missing_lines": 0, "excluded_lines": 0, "percent_statements_covered": 100.0, "percent_statements_covered_display": "100", "num_branches": 0, "num_partial_branches": 0, "covered_branches": 0, "missing_branches": 0, "percent_branches_covered": 100.0, "percent_branches_covered_display": "100"}, "missing_lines": [], "excluded_lines": [], "start_line": 81, "executed_branches": [], "missing_branches": []}, "screen_reasons": {"executed_lines": [87, 88, 89, 90, 91, 92, 93, 94, 95, 96, 97, 98, 99, 100, 101, 102, 105, 106], "summary": {"covered_lines": 18, "num_statements": 18, "percent_covered": 100.0, "percent_covered_display": "100", "missing_lines": 0, "excluded_lines": 0, "percent_statements_covered": 100.0, "percent_statements_covered_display": "100", "num_branches": 14, "num_partial_branches": 0, "covered_branches": 14, "missing_branches": 0, "percent_branches_covered": 100.0, "percent_branches_covered_display": "100"}, "missing_lines": [], "excluded_lines": [], "start_line": 85, "executed_branches": [[88, 89], [88, 90], [90, 91], [90, 92], [93, 94], [93, 95], [95, 96], [95, 97], [97, 98], [97, 99], [99, 100], [99, 101], [102, 105], [102, 106]], "missing_branches": []}, "_interval": {"executed_lines": [110], "summary": {"covered_lines": 1, "num_statements": 1, "percent_covered": 100.0, "percent_covered_display": "100", "missing_lines": 0, "excluded_lines": 0, "percent_statements_covered": 100.0, "percent_statements_covered_display": "100", "num_branches": 0, "num_partial_branches": 0, "covered_branches": 0, "missing_branches": 0, "percent_branches_covered": 100.0, "percent_branches_covered_display": "100"}, "missing_lines": [], "excluded_lines": [], "start_line": 109, "executed_branches": [], "missing_branches": []}, "_inference_reasons": {"executed_lines": [119, 120, 121, 122, 123, 124, 125, 126, 127, 128, 129, 130, 143, 144], "summary": {"covered_lines": 14, "num_statements": 14, "percent_covered": 100.0, "percent_covered_display": "100", "missing_lines": 0, "excluded_lines": 0, "percent_statements_covered": 100.0, "percent_statements_covered_display": "100", "num_branches": 10, "num_partial_branches": 0, "covered_branches": 10, "missing_branches": 0, "percent_branches_covered": 100.0, "percent_branches_covered_display": "100"}, "missing_lines": [], "excluded_lines": [], "start_line": 118, "executed_branches": [[120, 121], [120, 122], [123, 124], [123, 125], [125, 126], [125, 127], [127, 128], [127, 129], [130, 143], [130, 144]], "missing_branches": []}, "training_reasons": {"executed_lines": [149], "summary": {"covered_lines": 1, "num_statements": 1, "percent_covered": 100.0, "percent_covered_display": "100", "missing_lines": 0, "excluded_lines": 0, "percent_statements_covered": 100.0, "percent_statements_covered_display": "100", "num_branches": 0, "num_partial_branches": 0, "covered_branches": 0, "missing_branches": 0, "percent_branches_covered": 100.0, "percent_branches_covered_display": "100"}, "missing_lines": [], "excluded_lines": [], "start_line": 147, "executed_branches": [], "missing_branches": []}, "holdout_reasons": {"executed_lines": [154, 155, 156, 157, 158, 159, 160, 161, 162, 163, 164, 165, 166, 167], "summary": {"covered_lines": 14, "num_statements": 14, "percent_covered": 100.0, "percent_covered_display": "100", "missing_lines": 0, "excluded_lines": 0, "percent_statements_covered": 100.0, "percent_statements_covered_display": "100", "num_branches": 12, "num_partial_branches": 0, "covered_branches": 12, "missing_branches": 0, "percent_branches_covered": 100.0, "percent_branches_covered_display": "100"}, "missing_lines": [], "excluded_lines": [], "start_line": 152, "executed_branches": [[155, 156], [155, 158], [156, 155], [156, 157], [158, 159], [158, 160], [160, 161], [160, 162], [162, 163], [162, 164], [165, 166], [165, 167]], "missing_branches": []}, "choose_shortlist": {"executed_lines": [172, 174, 178, 187, 188, 189, 190, 191, 192, 193, 194, 195], "summary": {"covered_lines": 12, "num_statements": 13, "percent_covered": 89.47368421052632, "percent_covered_display": "89", "missing_lines": 1, "excluded_lines": 0, "percent_statements_covered": 92.3076923076923, "percent_statements_covered_display": "92", "num_branches": 6, "num_partial_branches": 1, "covered_branches": 5, "missing_branches": 1, "percent_branches_covered": 83.33333333333333, "percent_branches_covered_display": "83"}, "missing_lines": [173], "excluded_lines": [], "start_line": 170, "executed_branches": [[172, 174], [188, 189], [188, 195], [190, 191], [190, 192]], "missing_branches": [[172, 173]]}, "choose_shortlist.key": {"executed_lines": [179, 180], "summary": {"covered_lines": 2, "num_statements": 2, "percent_covered": 100.0, "percent_covered_display": "100", "missing_lines": 0, "excluded_lines": 0, "percent_statements_covered": 100.0, "percent_statements_covered_display": "100", "num_branches": 0, "num_partial_branches": 0, "covered_branches": 0, "missing_branches": 0, "percent_branches_covered": 100.0, "percent_branches_covered_display": "100"}, "missing_lines": [], "excluded_lines": [], "start_line": 178, "executed_branches": [], "missing_branches": []}, "resolution_summary": {"executed_lines": [200, 205, 206, 208, 209, 211, 212, 216, 218, 234], "summary": {"covered_lines": 10, "num_statements": 12, "percent_covered": 80.0, "percent_covered_display": "80", "missing_lines": 2, "excluded_lines": 0, "percent_statements_covered": 83.33333333333333, "percent_statements_covered_display": "83", "num_branches": 8, "num_partial_branches": 2, "covered_branches": 6, "missing_branches": 2, "percent_branches_covered": 75.0, "percent_branches_covered_display": "75"}, "missing_lines": [207, 210], "excluded_lines": [], "start_line": 198, "executed_branches": [[200, 205], [200, 206], [206, 208], [209, 211], [212, 216], [212, 218]], "missing_branches": [[206, 207], [209, 210]]}, "resolution_summary.distribution": {"executed_lines": [219, 220, 221, 222, 229, 230, 231, 232], "summary": {"covered_lines": 8, "num_statements": 8, "percent_covered": 100.0, "percent_covered_display": "100", "missing_lines": 0, "excluded_lines": 0, "percent_statements_covered": 100.0, "percent_statements_covered_display": "100", "num_branches": 4, "num_partial_branches": 0, "covered_branches": 4, "missing_branches": 0, "percent_branches_covered": 100.0, "percent_branches_covered_display": "100"}, "missing_lines": [], "excluded_lines": [], "start_line": 218, "executed_branches": [[222, 229], [222, 230], [230, 231], [230, 232]], "missing_branches": []}, "stratum_codes": {"executed_lines": [252, 253, 254, 255, 256, 257, 258, 259, 260, 261, 262, 263, 264, 271, 272], "summary": {"covered_lines": 15, "num_statements": 15, "percent_covered": 100.0, "percent_covered_display": "100", "missing_lines": 0, "excluded_lines": 0, "percent_statements_covered": 100.0, "percent_statements_covered_display": "100", "num_branches": 6, "num_partial_branches": 0, "covered_branches": 6, "missing_branches": 0, "percent_branches_covered": 100.0, "percent_branches_covered_display": "100"}, "missing_lines": [], "excluded_lines": [], "start_line": 246, "executed_branches": [[255, 256], [255, 257], [257, 258], [257, 259], [259, 260], [259, 261]], "missing_branches": []}, "": {"executed_lines": [8, 9, 11, 12, 15, 20, 77, 81, 85, 109, 118, 147, 152, 170, 198, 246], "summary": {"covered_lines": 16, "num_statements": 16, "percent_covered": 100.0, "percent_covered_display": "100", "missing_lines": 0, "excluded_lines": 0, "percent_statements_covered": 100.0, "percent_statements_covered_display": "100", "num_branches": 0, "num_partial_branches": 0, "covered_branches": 0, "missing_branches": 0, "percent_branches_covered": 100.0, "percent_branches_covered_display": "100"}, "missing_lines": [], "excluded_lines": [], "start_line": 1, "executed_branches": [], "missing_branches": []}}, "classes": {"": {"executed_lines": [8, 9, 11, 12, 15, 17, 20, 29, 30, 31, 32, 33, 35, 36, 37, 38, 39, 40, 41, 42, 43, 44, 45, 46, 47, 48, 49, 50, 51, 52, 53, 54, 55, 60, 77, 78, 81, 82, 85, 87, 88, 89, 90, 91, 92, 93, 94, 95, 96, 97, 98, 99, 100, 101, 102, 105, 106, 109, 110, 118, 119, 120, 121, 122, 123, 124, 125, 126, 127, 128, 129, 130, 143, 144, 147, 149, 152, 154, 155, 156, 157, 158, 159, 160, 161, 162, 163, 164, 165, 166, 167, 170, 172, 174, 178, 179, 180, 187, 188, 189, 190, 191, 192, 193, 194, 195, 198, 200, 205, 206, 208, 209, 211, 212, 216, 218, 219, 220, 221, 222, 229, 230, 231, 232, 234, 246, 252, 253, 254, 255, 256, 257, 258, 259, 260, 261, 262, 263, 264, 271, 272], "summary": {"covered_lines": 141, "num_statements": 145, "percent_covered": 96.31336405529954, "percent_covered_display": "96", "missing_lines": 4, "excluded_lines": 0, "percent_statements_covered": 97.24137931034483, "percent_statements_covered_display": "97", "num_branches": 72, "num_partial_branches": 4, "covered_branches": 68, "missing_branches": 4, "percent_branches_covered": 94.44444444444444, "percent_branches_covered_display": "94"}, "missing_lines": [34, 173, 207, 210], "excluded_lines": [], "start_line": 1, "executed_branches": [[31, 32], [31, 33], [33, 35], [35, 36], [35, 42], [36, 37], [36, 38], [38, 39], [38, 40], [40, 35], [40, 41], [88, 89], [88, 90], [90, 91], [90, 92], [93, 94], [93, 95], [95, 96], [95, 97], [97, 98], [97, 99], [99, 100], [99, 101], [102, 105], [102, 106], [120, 121], [120, 122], [123, 124], [123, 125], [125, 126], [125, 127], [127, 128], [127, 129], [130, 143], [130, 144], [155, 156], [155, 158], [156, 155], [156, 157], [158, 159], [158, 160], [160, 161], [160, 162], [162, 163], [162, 164], [165, 166], [165, 167], [172, 174], [188, 189], [188, 195], [190, 191], [190, 192], [200, 205], [200, 206], [206, 208], [209, 211], [212, 216], [212, 218], [222, 229], [222, 230], [230, 231], [230, 232], [255, 256], [255, 257], [257, 258], [257, 259], [259, 260], [259, 261]], "missing_branches": [[33, 34], [172, 173], [206, 207], [209, 210]]}}}}, "totals": {"covered_lines": 1404, "num_statements": 1639, "percent_covered": 85.22081329252296, "percent_covered_display": "85", "missing_lines": 235, "excluded_lines": 0, "percent_statements_covered": 85.66198901769371, "percent_statements_covered_display": "86", "num_branches": 648, "num_partial_branches": 53, "covered_branches": 545, "missing_branches": 103, "percent_branches_covered": 84.10493827160494, "percent_branches_covered_display": "84"}}